[Info  - 12:39:18] (26416) Pylance language server 2022.6.30 (pyright 212d1465) starting
[Info  - 12:39:19] (26416) Server root directory: c:\Users\josverl\.vscode\extensions\ms-python.vscode-pylance-2022.6.30\dist
Notebook support: Legacy
[Info  - 12:39:20] (26416) Background analysis(1) root directory: c:\Users\josverl\.vscode\extensions\ms-python.vscode-pylance-2022.6.30\dist
[Info  - 12:39:20] (26416) Background analysis(1) started
[Info  - 12:39:20] (26416) Background analysis(3) root directory: c:\Users\josverl\.vscode\extensions\ms-python.vscode-pylance-2022.6.30\dist
[Info  - 12:39:20] (26416) Background analysis(3) started
[Info  - 12:39:21] (26416) Background analysis(2) root directory: c:\Users\josverl\.vscode\extensions\ms-python.vscode-pylance-2022.6.30\dist
[Info  - 12:39:21] (26416) Background analysis(2) started
[Info  - 12:39:21] (26416) Background analysis(4) root directory: c:\Users\josverl\.vscode\extensions\ms-python.vscode-pylance-2022.6.30\dist
[Info  - 12:39:21] (26416) Background analysis(4) started
[Info  - 12:39:21] (26416) No configuration file found.
[Info  - 12:39:22] (26416) No pyproject.toml file found.
[Info  - 12:39:22] (26416) Setting pythonPath for service "MemFS - Sample": "C:\Users\josverl\AppData\Local\Microsoft\WindowsApps\python3.9.exe"
[Warn  - 12:39:23] (26416) stubPath \typings is not a valid directory.
[Info  - 12:39:23] (26416) Assuming Python version 3.9
[Info  - 12:39:23] (26416) Assuming Python platform Windows
[Info  - 12:39:23] (26416) Search paths for \
[Info  - 12:39:24] (26416)   c:\Users\josverl\.vscode\extensions\ms-python.vscode-pylance-2022.6.30\dist\typeshed-fallback\stdlib
[Info  - 12:39:24] (26416)   \
[Info  - 12:39:24] (26416)   \typings
[Info  - 12:39:24] (26416)   c:\Users\josverl\.vscode\extensions\ms-python.vscode-pylance-2022.6.30\dist\typeshed-fallback\stubs\...
[Info  - 12:39:24] (26416)   c:\Users\josverl\.vscode\extensions\ms-python.vscode-pylance-2022.6.30\dist\bundled\stubs
[Info  - 12:39:24] (26416)   c:\Program Files\WindowsApps\PythonSoftwareFoundation.Python.3.9_3.9.3568.0_x64__qbz5n2kfra8p0\DLLs
[Info  - 12:39:24] (26416)   c:\Program Files\WindowsApps\PythonSoftwareFoundation.Python.3.9_3.9.3568.0_x64__qbz5n2kfra8p0\Lib
[Info  - 12:39:24] (26416)   c:\Users\josverl\AppData\Local\Microsoft\WindowsApps\PythonSoftwareFoundation.Python.3.9_qbz5n2kfra8p0
[Info  - 12:39:24] (26416)   c:\Users\josverl\AppData\Local\Packages\PythonSoftwareFoundation.Python.3.9_qbz5n2kfra8p0\LocalCache\local-packages\Python39\site-packages
[Info  - 12:39:24] (26416)   c:\Program Files\WindowsApps\PythonSoftwareFoundation.Python.3.9_3.9.3568.0_x64__qbz5n2kfra8p0
[Info  - 12:39:24] (26416)   c:\Program Files\WindowsApps\PythonSoftwareFoundation.Python.3.9_3.9.3568.0_x64__qbz5n2kfra8p0\Lib\site-packages
[Info  - 12:39:24] (26416) Adding fs watcher for library directories:
 C:\Program Files\WindowsApps\PythonSoftwareFoundation.Python.3.9_3.9.3568.0_x64__qbz5n2kfra8p0\DLLs
C:\Program Files\WindowsApps\PythonSoftwareFoundation.Python.3.9_3.9.3568.0_x64__qbz5n2kfra8p0\lib
C:\Users\josverl\AppData\Local\Microsoft\WindowsApps\PythonSoftwareFoundation.Python.3.9_qbz5n2kfra8p0
C:\Users\josverl\AppData\Local\Packages\PythonSoftwareFoundation.Python.3.9_qbz5n2kfra8p0\LocalCache\local-packages\Python39\site-packages
C:\Program Files\WindowsApps\PythonSoftwareFoundation.Python.3.9_3.9.3568.0_x64__qbz5n2kfra8p0
C:\Program Files\WindowsApps\PythonSoftwareFoundation.Python.3.9_3.9.3568.0_x64__qbz5n2kfra8p0\lib\site-packages
[Info  - 12:39:24] (26416) Adding fs watcher for directories:
 \
[Info  - 12:39:24] (26416) Searching for source files
[Info  - 12:39:24] (26416) Auto-excluding \$Recycle.Bin\S-1-12-1-3020494159-1235939459-3438115750-967420959\$REJ16W7.venv
[Info  - 12:39:24] (26416) Auto-excluding \$Recycle.Bin\S-1-12-1-3020494159-1235939459-3438115750-967420959\$RGXEZSB.venv
[Warn  - 12:39:24] (26416) Skipping broken link "\$Recycle.Bin\S-1-5-18"
[Warn  - 12:39:24] (26416) Skipping broken link "\PerfLogs"
[Warn  - 12:39:24] (26416) Skipping broken link "\Program Files\Microsoft Policy Platform\authorityDb"
[Warn  - 12:39:24] (26416) Skipping broken link "\Program Files\Windows Defender Advanced Threat Protection\Classification\Configuration"
[Warn  - 12:39:24] (26416) Skipping broken link "\Program Files\WindowsApps"
[Warn  - 12:39:25] (26416) Skipping broken link "\ProgramData\Microsoft\Crypto\DSS\S-1-5-18"
[Warn  - 12:39:25] (26416) Skipping broken link "\ProgramData\Microsoft\Crypto\PCPKSP\WindowsAIK"
[Warn  - 12:39:25] (26416) Skipping broken link "\ProgramData\Microsoft\Crypto\RSA\S-1-5-18"
[Warn  - 12:39:25] (26416) Skipping broken link "\ProgramData\Microsoft\Crypto\SystemKeys"
[Warn  - 12:39:25] (26416) Skipping broken link "\ProgramData\Microsoft\Diagnosis"
[Warn  - 12:39:25] (26416) Skipping broken link "\ProgramData\Microsoft\Network\Downloader"
[Warn  - 12:39:25] (26416) Skipping broken link "\ProgramData\Microsoft\Provisioning\AssetCache"
[Warn  - 12:39:25] (26416) Skipping broken link "\ProgramData\Microsoft\Search\Data"
[Warn  - 12:39:25] (26416) Skipping broken link "\ProgramData\Microsoft\SmsRouter"
[Warn  - 12:39:25] (26416) Skipping broken link "\ProgramData\Microsoft\Spectrum"
[Warn  - 12:39:25] (26416) Skipping broken link "\ProgramData\Microsoft\Windows\AppRepository"
[Warn  - 12:39:25] (26416) Skipping broken link "\ProgramData\Microsoft\Windows\CapabilityAccessManager"
[Warn  - 12:39:25] (26416) Skipping broken link "\ProgramData\Microsoft\Windows\Hyper-V"
[Warn  - 12:39:25] (26416) Skipping broken link "\ProgramData\Microsoft\Windows\LfSvc"
[Warn  - 12:39:25] (26416) Skipping broken link "\ProgramData\Microsoft\Windows\Models"
[Warn  - 12:39:25] (26416) Skipping broken link "\ProgramData\Microsoft\Windows\PackagedEventProviders"
[Warn  - 12:39:25] (26416) Skipping broken link "\ProgramData\Microsoft\Windows\Power Efficiency Diagnostics"
[Warn  - 12:39:25] (26416) Skipping broken link "\ProgramData\Microsoft\Windows\SystemData"
[Warn  - 12:39:25] (26416) Skipping broken link "\ProgramData\Microsoft\Windows\WER\ReportArchive\AppCrash_CcmExec.exe_f856f0fa684358a631787917ee53aae58169c4d5_82977961_057fc307-2a00-493d-a120-f5a1b2d60ebe"
[Warn  - 12:39:25] (26416) Skipping broken link "\ProgramData\Microsoft\Windows\WER\ReportArchive\AppCrash_MsSense.exe_b72b5a87879f9521bef7b5a1412f28822ad7d9b_644625e7_05968270-3d03-450b-8d48-e8378bbf997e"
[Warn  - 12:39:25] (26416) Skipping broken link "\ProgramData\Microsoft\Windows\WER\ReportArchive\AppCrash_OpenHandleCollec_60db93f5e42b5f804a3b1622b3a6f7c4d69ee4_4395d36e_369e7443-c7f1-429a-977b-3d2353f07f41"
[Warn  - 12:39:25] (26416) Skipping broken link "\ProgramData\Microsoft\Windows\WER\ReportArchive\AppCrash_OpenHandleCollec_60db93f5e42b5f804a3b1622b3a6f7c4d69ee4_4395d36e_39776ec0-99a7-46f1-bbfd-0db339b14ba7"
[Warn  - 12:39:25] (26416) Skipping broken link "\ProgramData\Microsoft\Windows\WER\ReportArchive\AppCrash_OpenHandleCollec_60db93f5e42b5f804a3b1622b3a6f7c4d69ee4_4395d36e_4cb09df3-8e8b-49ca-a091-7fe4d15fa5be"
[Warn  - 12:39:25] (26416) Skipping broken link "\ProgramData\Microsoft\Windows\WER\ReportArchive\AppCrash_OpenHandleCollec_60db93f5e42b5f804a3b1622b3a6f7c4d69ee4_4395d36e_a48ad671-79de-4657-9824-e345ddf6bc7e"
[Warn  - 12:39:25] (26416) Skipping broken link "\ProgramData\Microsoft\Windows\WER\ReportArchive\AppCrash_OpenHandleCollec_60db93f5e42b5f804a3b1622b3a6f7c4d69ee4_4395d36e_e52fdb6a-1f23-4372-855c-3bd3daaf3cae"
[Warn  - 12:39:25] (26416) Skipping broken link "\ProgramData\Microsoft\Windows\WER\ReportArchive\AppCrash_OpenHandleCollec_60db93f5e42b5f804a3b1622b3a6f7c4d69ee4_4395d36e_fc8dd23b-1745-4bb7-bbcf-22b1f3ef0ce7"
[Warn  - 12:39:25] (26416) Skipping broken link "\ProgramData\Microsoft\Windows\WER\ReportArchive\AppCrash_OpenHandleCollec_9b9258a2dcc010944625b5d46576d329e6f8787_bc45ba1c_09669c3f-003b-49f5-a627-9ee75df914d4"
[Warn  - 12:39:25] (26416) Skipping broken link "\ProgramData\Microsoft\Windows\WER\ReportArchive\AppCrash_OpenHandleCollec_9b9258a2dcc010944625b5d46576d329e6f8787_bc45ba1c_09836a69-eaec-4f2b-a529-34d26ff1c90f"
[Warn  - 12:39:25] (26416) Skipping broken link "\ProgramData\Microsoft\Windows\WER\ReportArchive\AppCrash_OpenHandleCollec_9b9258a2dcc010944625b5d46576d329e6f8787_bc45ba1c_4b775f02-77c4-4965-86f6-d21cd6bba80f"
[Warn  - 12:39:25] (26416) Skipping broken link "\ProgramData\Microsoft\Windows\WER\ReportArchive\AppCrash_OpenHandleCollec_9b9258a2dcc010944625b5d46576d329e6f8787_bc45ba1c_65553db4-5573-44a5-99a3-99ffc2870019"
[Warn  - 12:39:25] (26416) Skipping broken link "\ProgramData\Microsoft\Windows\WER\ReportArchive\AppCrash_OpenHandleCollec_9b9258a2dcc010944625b5d46576d329e6f8787_bc45ba1c_6701e5d6-186b-4bae-bf96-3004093b9918"
[Warn  - 12:39:25] (26416) Skipping broken link "\ProgramData\Microsoft\Windows\WER\ReportArchive\AppCrash_OpenHandleCollec_9b9258a2dcc010944625b5d46576d329e6f8787_bc45ba1c_6bd456e7-a9f4-4f7a-8180-bde1cf76fc54"
[Warn  - 12:39:25] (26416) Skipping broken link "\ProgramData\Microsoft\Windows\WER\ReportArchive\AppCrash_OpenHandleCollec_9b9258a2dcc010944625b5d46576d329e6f8787_bc45ba1c_8ef2c3a8-117c-4b61-ba9d-1cafbf84d94e"
[Warn  - 12:39:25] (26416) Skipping broken link "\ProgramData\Microsoft\Windows\WER\ReportArchive\AppCrash_OpenHandleCollec_9b9258a2dcc010944625b5d46576d329e6f8787_bc45ba1c_9a5d7f04-e85f-47a0-821d-0e952b6c101e"
[Warn  - 12:39:25] (26416) Skipping broken link "\ProgramData\Microsoft\Windows\WER\ReportArchive\AppCrash_OpenHandleCollec_9b9258a2dcc010944625b5d46576d329e6f8787_bc45ba1c_a068e332-7f26-4f4c-86cf-3804ee1003a4"
[Warn  - 12:39:25] (26416) Skipping broken link "\ProgramData\Microsoft\Windows\WER\ReportArchive\AppCrash_OpenHandleCollec_9b9258a2dcc010944625b5d46576d329e6f8787_bc45ba1c_a0d657aa-3b8a-41ab-a970-cc14d93a68fd"
[Warn  - 12:39:25] (26416) Skipping broken link "\ProgramData\Microsoft\Windows\WER\ReportArchive\AppCrash_OpenHandleCollec_9b9258a2dcc010944625b5d46576d329e6f8787_bc45ba1c_aa48ca6e-0733-4b54-b0b1-374a9ab1624d"
[Warn  - 12:39:25] (26416) Skipping broken link "\ProgramData\Microsoft\Windows\WER\ReportArchive\AppCrash_OpenHandleCollec_9b9258a2dcc010944625b5d46576d329e6f8787_bc45ba1c_ddd75345-c1c7-40e1-840b-786ccd5eb861"
[Warn  - 12:39:25] (26416) Skipping broken link "\ProgramData\Microsoft\Windows\WER\ReportArchive\AppCrash_OpenHandleCollec_9b9258a2dcc010944625b5d46576d329e6f8787_bc45ba1c_e2ef7e80-937f-48ee-a4f0-41e9e96a29ae"
[Warn  - 12:39:25] (26416) Skipping broken link "\ProgramData\Microsoft\Windows\WER\ReportArchive\AppCrash_OpenHandleCollec_9b9258a2dcc010944625b5d46576d329e6f8787_bc45ba1c_fb371778-85cb-4878-abbe-0f6fc4d06676"
[Warn  - 12:39:25] (26416) Skipping broken link "\ProgramData\Microsoft\Windows\WER\ReportArchive\AppCrash_OpenHandleCollec_9b9258a2dcc010944625b5d46576d329e6f8787_bc45ba1c_fe12dfba-185c-4428-b9bd-7f2ccdeeb560"
[Warn  - 12:39:25] (26416) Skipping broken link "\ProgramData\Microsoft\Windows\WER\ReportArchive\AppCrash_Setup_x64.exe_4a1e181f2ae418113d29fa135207ef230c54c98_0d823658_30260329-7a65-4039-9dfe-d1b38d7b1dfe"
[Warn  - 12:39:25] (26416) Skipping broken link "\ProgramData\Microsoft\Windows\WER\ReportArchive\AppCrash_SurfaceService.e_4b8bfd7ebcda6ec43aa40c27ff4bad6b6722320_98100406_1db1751e-828d-4e72-96a4-ada047edb075"
[Warn  - 12:39:25] (26416) Skipping broken link "\ProgramData\Microsoft\Windows\WER\ReportArchive\AppCrash_SurfaceService.e_6d277ca929b753fd984f4a5f15f87a9872f73f_1af56f2b_8cfad57b-b5b8-4c13-bebc-3483be0b0b87"
[Warn  - 12:39:25] (26416) Skipping broken link "\ProgramData\Microsoft\Windows\WER\ReportArchive\AppCrash_svchost.exe_Fram_20fba0b238465fc78be8bf4d2ae9c9313cd2d3b9_60470071_e53a7954-4c89-4085-97da-6362d36bec31"
[Warn  - 12:39:25] (26416) Skipping broken link "\ProgramData\Microsoft\Windows\WER\ReportArchive\AppCrash_svchost.exe_Fram_30f076f937b5bf48d5395719c659509bcc93454a_60470071_fafb6b3e-e0c5-4dcb-98d0-6142b6a64a64"
[Warn  - 12:39:25] (26416) Skipping broken link "\ProgramData\Microsoft\Windows\WER\ReportArchive\AppCrash_svchost.exe_WMan_05139493d2cd9e18da2f318c03b583c2d2da9_5d37cfda_23de59ba-065a-4a2f-9983-0e3f4e725fd2"
[Warn  - 12:39:25] (26416) Skipping broken link "\ProgramData\Microsoft\Windows\WER\ReportArchive\AppCrash_svchost.exe_Wbio_1ca850c35d122563fe4119cc46d29627df5572f3_edda7130_f68b8b5a-ed49-4f36-acd9-c6d221eba41f"
[Warn  - 12:39:25] (26416) Skipping broken link "\ProgramData\Microsoft\Windows\WER\ReportArchive\AppCrash_svchost.exe_Wbio_601a17673a9050aa4869e0116699f1cbf942f74_edda7130_72bf6f42-4b2f-457e-b3ce-53f463c4c7f7"
[Warn  - 12:39:25] (26416) Skipping broken link "\ProgramData\Microsoft\Windows\WER\ReportArchive\AppCrash_svchost.exe_Wbio_601a17673a9050aa4869e0116699f1cbf942f74_edda7130_837ef9fb-921d-4a88-b1e7-8d4f6b69d6a2"
[Warn  - 12:39:25] (26416) Skipping broken link "\ProgramData\Microsoft\Windows\WER\ReportArchive\AppCrash_svchost.exe_Wbio_e023cd8171a3e7014c4edf3293573ed0314777_edda7130_d6f934cd-8f78-4304-886f-137c8bde0d63"
[Warn  - 12:39:25] (26416) Skipping broken link "\ProgramData\Microsoft\Windows\WER\ReportArchive\AppHang_MicrosoftWindows_ef9bd656e6709ad83e9ee62dbc65e368d5875f_500125bb_1aeab62f-cefe-4cfd-aced-8b3097bee8ae"
[Warn  - 12:39:25] (26416) Skipping broken link "\ProgramData\Microsoft\Windows\WER\ReportArchive\AppHang_NcbService_6265e7554bf7722b57876afedd4b21d9f87a39f_00000000_23c6030e-aefa-41cb-84b2-11e3fb91a483"
[Warn  - 12:39:25] (26416) Skipping broken link "\ProgramData\Microsoft\Windows\WER\ReportArchive\Critical_ONENOTE.EXE_94467f1d1b687e26e0bf94ed1b40da33feae7b80_61c4eb98_7ce15099-f4b4-4513-aba5-f82126ab5abf"
[Warn  - 12:39:25] (26416) Skipping broken link "\ProgramData\Microsoft\Windows\WER\ReportArchive\Critical_PhantomZerOS.exe_3fad0f4738ff384516b42fff7faca639bca0_8b7887b2_811dab45-0066-4df7-8cef-91712037b76b"
[Warn  - 12:39:25] (26416) Skipping broken link "\ProgramData\Microsoft\Windows\WER\ReportArchive\Critical_PhantomZerOS.exe_3fad0f4738ff384516b42fff7faca639bca0_8b7887b2_b756998a-cc61-4fa5-8797-4caa0a679121"
[Warn  - 12:39:25] (26416) Skipping broken link "\ProgramData\Microsoft\Windows\WER\ReportArchive\Kernel_117_12ff4e438de726464b4fecd603bb30184e4394_00000000_cab_4121552f-0538-462d-960e-ad6af38ad0a5"
[Warn  - 12:39:25] (26416) Skipping broken link "\ProgramData\Microsoft\Windows\WER\ReportArchive\Kernel_117_38bb33b40cccafadeabde03d715d974223655e_00000000_cab_436e5744-f187-4f88-97f8-0d0c8f1c27e5"
[Warn  - 12:39:25] (26416) Skipping broken link "\ProgramData\Microsoft\Windows\WER\ReportArchive\Kernel_141_4f5a37ff39395980785e399572f8b1ce8abc656f_00000000_cab_db2878ac-ebb5-4fd2-a439-905cd755668e"
[Warn  - 12:39:25] (26416) Skipping broken link "\ProgramData\Microsoft\Windows\WER\ReportArchive\Kernel_141_c8f3119ca134cd4d8fbc6dea8ddfee808a3646f_00000000_cab_ca57b0b4-9385-4f17-a72d-9fa1b7d46c45"
[Warn  - 12:39:25] (26416) Skipping broken link "\ProgramData\Microsoft\Windows\WER\ReportArchive\Kernel_144_104e2bb655e1db47e88c4b87b77a4edbc5dad5_00000000_cab_e4d6deae-e00d-4479-a36a-85b7c571473e"
[Warn  - 12:39:25] (26416) Skipping broken link "\ProgramData\Microsoft\Windows\WER\ReportArchive\Kernel_144_a549875654b0347013b665b29b45549e467dce87_00000000_cab_008a5422-69ae-495e-a009-a9e2dbb2e4e8"
[Warn  - 12:39:25] (26416) Skipping broken link "\ProgramData\Microsoft\Windows\WER\ReportArchive\Kernel_144_ac2660a636c221725edc28727bca16f1c13bd144_00000000_cab_63a3c267-cf81-4796-a21e-bd684e0f1a39"
[Warn  - 12:39:25] (26416) Skipping broken link "\ProgramData\Microsoft\Windows\WER\ReportArchive\Kernel_144_ca4353ca1ca6b9a81ee5d5f46c3ffa3846af5c_00000000_cab_5a6fef4b-1290-48aa-95ed-655538258df8"
[Warn  - 12:39:25] (26416) Skipping broken link "\ProgramData\Microsoft\Windows\WER\ReportArchive\Kernel_144_f0c1ed8c991a1b18d1ef91e95397b7af1c163eb8_00000000_cab_daebcd58-0c7e-4a97-a397-a0fd8e197012"
[Warn  - 12:39:25] (26416) Skipping broken link "\ProgramData\Microsoft\Windows\WER\ReportArchive\Kernel_193_ddd1a252b628868f68ad45da20bbbeebdf14b_00000000_cab_1fc99f5f-9b94-46f1-b6d4-4d03b7e41315"
[Warn  - 12:39:25] (26416) Skipping broken link "\ProgramData\Microsoft\Windows\WER\ReportArchive\NonCritical_1.0.85.0_b73889a8f1f52a448c8640fb2437c78a8de057ee_00000000_0a078d51-e31c-4a89-ba63-f42c4306f294"
[Warn  - 12:39:25] (26416) Skipping broken link "\ProgramData\Microsoft\Windows\WER\ReportArchive\NonCritical_1.0.85.0_b73889a8f1f52a448c8640fb2437c78a8de057ee_00000000_4cfce989-1552-46f5-9c23-b86dd6f9710f"
[Warn  - 12:39:25] (26416) Skipping broken link "\ProgramData\Microsoft\Windows\WER\ReportArchive\NonCritical_1.0.85.0_b73889a8f1f52a448c8640fb2437c78a8de057ee_00000000_5c69273d-63e8-4208-80a2-f470eab2a679"
[Warn  - 12:39:25] (26416) Skipping broken link "\ProgramData\Microsoft\Windows\WER\ReportArchive\NonCritical_3_fc853d7f92732955598999d7e3dfff794444da9e_00000000_4f703be5-9094-4840-9156-dd5d30672b57"
[Warn  - 12:39:25] (26416) Skipping broken link "\ProgramData\Microsoft\Windows\WER\ReportArchive\NonCritical_MicrosoftEdgeUpd_afce25defe1ed9a24c11f435178f2ae0eb5f_00000000_bd3ecb80-81a3-4d32-a337-3182366e5cf1"
[Warn  - 12:39:25] (26416) Skipping broken link "\ProgramData\Microsoft\Windows\WER\ReportArchive\NonCritical_Update;ScanForUp_12888cf5585e2448f815e9b7afac680eccf76e2_00000000_2f2bf1ce-a65f-4d37-b15d-06cbba057020"
[Warn  - 12:39:25] (26416) Skipping broken link "\ProgramData\Microsoft\Windows\WER\ReportArchive\NonCritical_Update;ScanForUp_395edf1936181cc1ae6dfcd44019b0e8079f57c_00000000_63a72db5-add5-484b-91f7-08764eb25f7b"
[Warn  - 12:39:25] (26416) Skipping broken link "\ProgramData\Microsoft\Windows\WER\ReportArchive\NonCritical_Update;ScanForUp_94ec528086ded02c4214b53c83fa4c3a78537966_00000000_c12b6686-a285-4b2a-a973-2de8c64113b8"
[Warn  - 12:39:25] (26416) Skipping broken link "\ProgramData\Microsoft\Windows\WER\ReportArchive\NonCritical_Update;ScanForUp_e0717865d0a250199e709217ac94f5c4c475445_00000000_f8d291df-e444-49db-9a67-caff86a526c5"
[Warn  - 12:39:25] (26416) Skipping broken link "\ProgramData\Microsoft\Windows\WER\ReportArchive\NonCritical_Update;_5b66f8a813a86e527d2ff363d14f7271226b0_00000000_944b0eae-427a-4d8b-a83d-8c287af89f55"
[Warn  - 12:39:25] (26416) Skipping broken link "\ProgramData\Microsoft\Windows\WER\ReportArchive\NonCritical_Update;_ef220e07b6b7516c8192c55e1faa1213ed16c2_00000000_95c2f3b4-a8af-4900-a029-d1442ca76338"
[Warn  - 12:39:25] (26416) Skipping broken link "\ProgramData\Microsoft\Windows\WER\ReportArchive\NonCritical_VerifierFailure_889d216c91288a75c586debbe9c269c1617d9f0_00000000_12380066-475b-46b0-9ecf-14bd1c4f8958"
[Warn  - 12:39:25] (26416) Skipping broken link "\ProgramData\Microsoft\Windows\WER\ReportArchive\NonCritical_VerifierFailure_889d216c91288a75c586debbe9c269c1617d9f0_00000000_2e840cd1-cc8e-4c0e-99f0-e94153625f44"
[Warn  - 12:39:25] (26416) Skipping broken link "\ProgramData\Microsoft\Windows\WER\ReportArchive\NonCritical_VerifierFailure_889d216c91288a75c586debbe9c269c1617d9f0_00000000_b362d4f8-6ce1-4750-8f69-2d52ede266b1"
[Warn  - 12:39:25] (26416) Skipping broken link "\ProgramData\Microsoft\Windows\WER\ReportArchive\NonCritical_VerifierFailure_889d216c91288a75c586debbe9c269c1617d9f0_00000000_b5afd4e2-68a7-4ad9-9382-54bafcb1d751"
[Warn  - 12:39:25] (26416) Skipping broken link "\ProgramData\Microsoft\Windows\WER\ReportArchive\NonCritical_VerifierFailure_889d216c91288a75c586debbe9c269c1617d9f0_00000000_c4ca7168-26bf-4269-9d01-e57a0cee1ba7"
[Warn  - 12:39:25] (26416) Skipping broken link "\ProgramData\Microsoft\Windows\WER\ReportArchive\NonCritical_VerifierFailure_889d216c91288a75c586debbe9c269c1617d9f0_00000000_f1b922d8-27e4-453d-85ea-43e8088bf7b9"
[Warn  - 12:39:25] (26416) Skipping broken link "\ProgramData\Microsoft\Windows\WER\ReportArchive\NonCritical_unknown_d741f3791432bf44d1f8f38df7fadd96e2442dd_00000000_25355297-868e-4e55-8f8e-dd738e3d9d25"
[Warn  - 12:39:25] (26416) Skipping broken link "\ProgramData\Microsoft\Windows\WER\ReportArchive\NonCritical_unknown_d741f3791432bf44d1f8f38df7fadd96e2442dd_00000000_3a942a74-4652-41c1-90ca-3c5acf45b3c2"
[Warn  - 12:39:25] (26416) Skipping broken link "\ProgramData\Microsoft\Windows\WER\ReportArchive\NonCritical_unknown_d741f3791432bf44d1f8f38df7fadd96e2442dd_00000000_6a7a1258-9a2f-4976-86b3-c10018929e80"
[Warn  - 12:39:25] (26416) Skipping broken link "\ProgramData\Microsoft\Windows\WER\ReportArchive\NonCritical_unknown_d741f3791432bf44d1f8f38df7fadd96e2442dd_00000000_dafe445d-8e59-4d50-b3d2-72afec6d9482"
[Warn  - 12:39:25] (26416) Skipping broken link "\ProgramData\Microsoft\Windows\WindowsApps"
[Warn  - 12:39:25] (26416) Skipping broken link "\ProgramData\Microsoft\Windows\wfp"
[Warn  - 12:39:25] (26416) Skipping broken link "\ProgramData\Microsoft\Windows Defender\Clean Store"
[Warn  - 12:39:25] (26416) Skipping broken link "\ProgramData\Microsoft\Windows Defender\Features"
[Warn  - 12:39:25] (26416) Skipping broken link "\ProgramData\Microsoft\Windows Defender\LocalCopy"
[Warn  - 12:39:25] (26416) Skipping broken link "\ProgramData\Microsoft\Windows Defender\Network Inspection System"
[Warn  - 12:39:25] (26416) Skipping broken link "\ProgramData\Microsoft\Windows Defender\Platform\4.18.2205.7-0"
[Warn  - 12:39:25] (26416) Skipping broken link "\ProgramData\Microsoft\Windows Defender\Quarantine"
[Warn  - 12:39:25] (26416) Skipping broken link "\ProgramData\Microsoft\Windows Defender\Scans"
[Warn  - 12:39:25] (26416) Skipping broken link "\ProgramData\Microsoft\Windows Defender\Support"
[Warn  - 12:39:25] (26416) Skipping broken link "\ProgramData\Microsoft\Windows Defender Advanced Threat Protection\Cache"
[Warn  - 12:39:25] (26416) Skipping broken link "\ProgramData\Microsoft\Windows Defender Advanced Threat Protection\Cyber"
[Warn  - 12:39:25] (26416) Skipping broken link "\ProgramData\Microsoft\Windows Defender Advanced Threat Protection\DLP"
[Warn  - 12:39:25] (26416) Skipping broken link "\ProgramData\Microsoft\Windows Defender Advanced Threat Protection\DataCollection"
[Warn  - 12:39:25] (26416) Skipping broken link "\ProgramData\Microsoft\Windows Defender Advanced Threat Protection\Downloads"
[Warn  - 12:39:25] (26416) Skipping broken link "\ProgramData\Microsoft\Windows Defender Advanced Threat Protection\SenseCM"
[Warn  - 12:39:25] (26416) Skipping broken link "\ProgramData\Microsoft\Windows Defender Advanced Threat Protection\Temp\PSScriptOutputs"
[Warn  - 12:39:25] (26416) Skipping broken link "\ProgramData\Microsoft\Windows Defender Advanced Threat Protection\Trace"
[Warn  - 12:39:25] (26416) Skipping broken link "\ProgramData\Microsoft\Windows NT\MSFax"
[Warn  - 12:39:25] (26416) Skipping broken link "\ProgramData\Packages"
[Warn  - 12:39:25] (26416) Skipping broken link "\ProgramData\WindowsHolographicDevices"
[Warn  - 12:39:25] (26416) Skipping broken link "\Recovery"
[Warn  - 12:39:25] (26416) Skipping broken link "\System Volume Information"
[Warn  - 12:39:25] (26416) Skipping recursive symlink "\Users\All Users\Application Data" -> "C:\ProgramData"
[Warn  - 12:39:25] (26416) Skipping broken link "\Users\All Users\Microsoft\Crypto\DSS\S-1-5-18"
[Warn  - 12:39:25] (26416) Skipping broken link "\Users\All Users\Microsoft\Crypto\PCPKSP\WindowsAIK"
[Warn  - 12:39:25] (26416) Skipping broken link "\Users\All Users\Microsoft\Crypto\RSA\S-1-5-18"
[Warn  - 12:39:25] (26416) Skipping broken link "\Users\All Users\Microsoft\Crypto\SystemKeys"
[Warn  - 12:39:25] (26416) Skipping broken link "\Users\All Users\Microsoft\Diagnosis"
[Warn  - 12:39:25] (26416) Skipping broken link "\Users\All Users\Microsoft\Network\Downloader"
[Warn  - 12:39:25] (26416) Skipping broken link "\Users\All Users\Microsoft\Provisioning\AssetCache"
[Warn  - 12:39:25] (26416) Skipping broken link "\Users\All Users\Microsoft\Search\Data"
[Warn  - 12:39:25] (26416) Skipping broken link "\Users\All Users\Microsoft\SmsRouter"
[Warn  - 12:39:25] (26416) Skipping broken link "\Users\All Users\Microsoft\Spectrum"
[Warn  - 12:39:25] (26416) Skipping broken link "\Users\All Users\Microsoft\Windows\AppRepository"
[Warn  - 12:39:25] (26416) Skipping broken link "\Users\All Users\Microsoft\Windows\CapabilityAccessManager"
[Warn  - 12:39:26] (26416) Skipping broken link "\Users\All Users\Microsoft\Windows\Hyper-V"
[Warn  - 12:39:26] (26416) Skipping broken link "\Users\All Users\Microsoft\Windows\LfSvc"
[Warn  - 12:39:26] (26416) Skipping broken link "\Users\All Users\Microsoft\Windows\Models"
[Warn  - 12:39:26] (26416) Skipping broken link "\Users\All Users\Microsoft\Windows\PackagedEventProviders"
[Warn  - 12:39:26] (26416) Skipping broken link "\Users\All Users\Microsoft\Windows\Power Efficiency Diagnostics"
[Warn  - 12:39:26] (26416) Skipping broken link "\Users\All Users\Microsoft\Windows\SystemData"
[Warn  - 12:39:26] (26416) Skipping broken link "\Users\All Users\Microsoft\Windows\WER\ReportArchive\AppCrash_CcmExec.exe_f856f0fa684358a631787917ee53aae58169c4d5_82977961_057fc307-2a00-493d-a120-f5a1b2d60ebe"
[Warn  - 12:39:26] (26416) Skipping broken link "\Users\All Users\Microsoft\Windows\WER\ReportArchive\AppCrash_MsSense.exe_b72b5a87879f9521bef7b5a1412f28822ad7d9b_644625e7_05968270-3d03-450b-8d48-e8378bbf997e"
[Warn  - 12:39:26] (26416) Skipping broken link "\Users\All Users\Microsoft\Windows\WER\ReportArchive\AppCrash_OpenHandleCollec_60db93f5e42b5f804a3b1622b3a6f7c4d69ee4_4395d36e_369e7443-c7f1-429a-977b-3d2353f07f41"
[Warn  - 12:39:26] (26416) Skipping broken link "\Users\All Users\Microsoft\Windows\WER\ReportArchive\AppCrash_OpenHandleCollec_60db93f5e42b5f804a3b1622b3a6f7c4d69ee4_4395d36e_39776ec0-99a7-46f1-bbfd-0db339b14ba7"
[Warn  - 12:39:26] (26416) Skipping broken link "\Users\All Users\Microsoft\Windows\WER\ReportArchive\AppCrash_OpenHandleCollec_60db93f5e42b5f804a3b1622b3a6f7c4d69ee4_4395d36e_4cb09df3-8e8b-49ca-a091-7fe4d15fa5be"
[Warn  - 12:39:26] (26416) Skipping broken link "\Users\All Users\Microsoft\Windows\WER\ReportArchive\AppCrash_OpenHandleCollec_60db93f5e42b5f804a3b1622b3a6f7c4d69ee4_4395d36e_a48ad671-79de-4657-9824-e345ddf6bc7e"
[Warn  - 12:39:26] (26416) Skipping broken link "\Users\All Users\Microsoft\Windows\WER\ReportArchive\AppCrash_OpenHandleCollec_60db93f5e42b5f804a3b1622b3a6f7c4d69ee4_4395d36e_e52fdb6a-1f23-4372-855c-3bd3daaf3cae"
[Warn  - 12:39:26] (26416) Skipping broken link "\Users\All Users\Microsoft\Windows\WER\ReportArchive\AppCrash_OpenHandleCollec_60db93f5e42b5f804a3b1622b3a6f7c4d69ee4_4395d36e_fc8dd23b-1745-4bb7-bbcf-22b1f3ef0ce7"
[Warn  - 12:39:26] (26416) Skipping broken link "\Users\All Users\Microsoft\Windows\WER\ReportArchive\AppCrash_OpenHandleCollec_9b9258a2dcc010944625b5d46576d329e6f8787_bc45ba1c_09669c3f-003b-49f5-a627-9ee75df914d4"
[Warn  - 12:39:26] (26416) Skipping broken link "\Users\All Users\Microsoft\Windows\WER\ReportArchive\AppCrash_OpenHandleCollec_9b9258a2dcc010944625b5d46576d329e6f8787_bc45ba1c_09836a69-eaec-4f2b-a529-34d26ff1c90f"
[Warn  - 12:39:26] (26416) Skipping broken link "\Users\All Users\Microsoft\Windows\WER\ReportArchive\AppCrash_OpenHandleCollec_9b9258a2dcc010944625b5d46576d329e6f8787_bc45ba1c_4b775f02-77c4-4965-86f6-d21cd6bba80f"
[Warn  - 12:39:26] (26416) Skipping broken link "\Users\All Users\Microsoft\Windows\WER\ReportArchive\AppCrash_OpenHandleCollec_9b9258a2dcc010944625b5d46576d329e6f8787_bc45ba1c_65553db4-5573-44a5-99a3-99ffc2870019"
[Warn  - 12:39:26] (26416) Skipping broken link "\Users\All Users\Microsoft\Windows\WER\ReportArchive\AppCrash_OpenHandleCollec_9b9258a2dcc010944625b5d46576d329e6f8787_bc45ba1c_6701e5d6-186b-4bae-bf96-3004093b9918"
[Warn  - 12:39:26] (26416) Skipping broken link "\Users\All Users\Microsoft\Windows\WER\ReportArchive\AppCrash_OpenHandleCollec_9b9258a2dcc010944625b5d46576d329e6f8787_bc45ba1c_6bd456e7-a9f4-4f7a-8180-bde1cf76fc54"
[Warn  - 12:39:26] (26416) Skipping broken link "\Users\All Users\Microsoft\Windows\WER\ReportArchive\AppCrash_OpenHandleCollec_9b9258a2dcc010944625b5d46576d329e6f8787_bc45ba1c_8ef2c3a8-117c-4b61-ba9d-1cafbf84d94e"
[Warn  - 12:39:26] (26416) Skipping broken link "\Users\All Users\Microsoft\Windows\WER\ReportArchive\AppCrash_OpenHandleCollec_9b9258a2dcc010944625b5d46576d329e6f8787_bc45ba1c_9a5d7f04-e85f-47a0-821d-0e952b6c101e"
[Warn  - 12:39:26] (26416) Skipping broken link "\Users\All Users\Microsoft\Windows\WER\ReportArchive\AppCrash_OpenHandleCollec_9b9258a2dcc010944625b5d46576d329e6f8787_bc45ba1c_a068e332-7f26-4f4c-86cf-3804ee1003a4"
[Warn  - 12:39:26] (26416) Skipping broken link "\Users\All Users\Microsoft\Windows\WER\ReportArchive\AppCrash_OpenHandleCollec_9b9258a2dcc010944625b5d46576d329e6f8787_bc45ba1c_a0d657aa-3b8a-41ab-a970-cc14d93a68fd"
[Warn  - 12:39:26] (26416) Skipping broken link "\Users\All Users\Microsoft\Windows\WER\ReportArchive\AppCrash_OpenHandleCollec_9b9258a2dcc010944625b5d46576d329e6f8787_bc45ba1c_aa48ca6e-0733-4b54-b0b1-374a9ab1624d"
[Warn  - 12:39:26] (26416) Skipping broken link "\Users\All Users\Microsoft\Windows\WER\ReportArchive\AppCrash_OpenHandleCollec_9b9258a2dcc010944625b5d46576d329e6f8787_bc45ba1c_ddd75345-c1c7-40e1-840b-786ccd5eb861"
[Warn  - 12:39:26] (26416) Skipping broken link "\Users\All Users\Microsoft\Windows\WER\ReportArchive\AppCrash_OpenHandleCollec_9b9258a2dcc010944625b5d46576d329e6f8787_bc45ba1c_e2ef7e80-937f-48ee-a4f0-41e9e96a29ae"
[Warn  - 12:39:26] (26416) Skipping broken link "\Users\All Users\Microsoft\Windows\WER\ReportArchive\AppCrash_OpenHandleCollec_9b9258a2dcc010944625b5d46576d329e6f8787_bc45ba1c_fb371778-85cb-4878-abbe-0f6fc4d06676"
[Warn  - 12:39:26] (26416) Skipping broken link "\Users\All Users\Microsoft\Windows\WER\ReportArchive\AppCrash_OpenHandleCollec_9b9258a2dcc010944625b5d46576d329e6f8787_bc45ba1c_fe12dfba-185c-4428-b9bd-7f2ccdeeb560"
[Warn  - 12:39:26] (26416) Skipping broken link "\Users\All Users\Microsoft\Windows\WER\ReportArchive\AppCrash_Setup_x64.exe_4a1e181f2ae418113d29fa135207ef230c54c98_0d823658_30260329-7a65-4039-9dfe-d1b38d7b1dfe"
[Warn  - 12:39:26] (26416) Skipping broken link "\Users\All Users\Microsoft\Windows\WER\ReportArchive\AppCrash_SurfaceService.e_4b8bfd7ebcda6ec43aa40c27ff4bad6b6722320_98100406_1db1751e-828d-4e72-96a4-ada047edb075"
[Warn  - 12:39:26] (26416) Skipping broken link "\Users\All Users\Microsoft\Windows\WER\ReportArchive\AppCrash_SurfaceService.e_6d277ca929b753fd984f4a5f15f87a9872f73f_1af56f2b_8cfad57b-b5b8-4c13-bebc-3483be0b0b87"
[Warn  - 12:39:26] (26416) Skipping broken link "\Users\All Users\Microsoft\Windows\WER\ReportArchive\AppCrash_svchost.exe_Fram_20fba0b238465fc78be8bf4d2ae9c9313cd2d3b9_60470071_e53a7954-4c89-4085-97da-6362d36bec31"
[Warn  - 12:39:26] (26416) Skipping broken link "\Users\All Users\Microsoft\Windows\WER\ReportArchive\AppCrash_svchost.exe_Fram_30f076f937b5bf48d5395719c659509bcc93454a_60470071_fafb6b3e-e0c5-4dcb-98d0-6142b6a64a64"
[Warn  - 12:39:26] (26416) Skipping broken link "\Users\All Users\Microsoft\Windows\WER\ReportArchive\AppCrash_svchost.exe_WMan_05139493d2cd9e18da2f318c03b583c2d2da9_5d37cfda_23de59ba-065a-4a2f-9983-0e3f4e725fd2"
[Warn  - 12:39:26] (26416) Skipping broken link "\Users\All Users\Microsoft\Windows\WER\ReportArchive\AppCrash_svchost.exe_Wbio_1ca850c35d122563fe4119cc46d29627df5572f3_edda7130_f68b8b5a-ed49-4f36-acd9-c6d221eba41f"
[Warn  - 12:39:26] (26416) Skipping broken link "\Users\All Users\Microsoft\Windows\WER\ReportArchive\AppCrash_svchost.exe_Wbio_601a17673a9050aa4869e0116699f1cbf942f74_edda7130_72bf6f42-4b2f-457e-b3ce-53f463c4c7f7"
[Warn  - 12:39:26] (26416) Skipping broken link "\Users\All Users\Microsoft\Windows\WER\ReportArchive\AppCrash_svchost.exe_Wbio_601a17673a9050aa4869e0116699f1cbf942f74_edda7130_837ef9fb-921d-4a88-b1e7-8d4f6b69d6a2"
[Warn  - 12:39:26] (26416) Skipping broken link "\Users\All Users\Microsoft\Windows\WER\ReportArchive\AppCrash_svchost.exe_Wbio_e023cd8171a3e7014c4edf3293573ed0314777_edda7130_d6f934cd-8f78-4304-886f-137c8bde0d63"
[Warn  - 12:39:26] (26416) Skipping broken link "\Users\All Users\Microsoft\Windows\WER\ReportArchive\AppHang_MicrosoftWindows_ef9bd656e6709ad83e9ee62dbc65e368d5875f_500125bb_1aeab62f-cefe-4cfd-aced-8b3097bee8ae"
[Warn  - 12:39:26] (26416) Skipping broken link "\Users\All Users\Microsoft\Windows\WER\ReportArchive\AppHang_NcbService_6265e7554bf7722b57876afedd4b21d9f87a39f_00000000_23c6030e-aefa-41cb-84b2-11e3fb91a483"
[Warn  - 12:39:26] (26416) Skipping broken link "\Users\All Users\Microsoft\Windows\WER\ReportArchive\Critical_ONENOTE.EXE_94467f1d1b687e26e0bf94ed1b40da33feae7b80_61c4eb98_7ce15099-f4b4-4513-aba5-f82126ab5abf"
[Warn  - 12:39:26] (26416) Skipping broken link "\Users\All Users\Microsoft\Windows\WER\ReportArchive\Critical_PhantomZerOS.exe_3fad0f4738ff384516b42fff7faca639bca0_8b7887b2_811dab45-0066-4df7-8cef-91712037b76b"
[Warn  - 12:39:26] (26416) Skipping broken link "\Users\All Users\Microsoft\Windows\WER\ReportArchive\Critical_PhantomZerOS.exe_3fad0f4738ff384516b42fff7faca639bca0_8b7887b2_b756998a-cc61-4fa5-8797-4caa0a679121"
[Warn  - 12:39:26] (26416) Skipping broken link "\Users\All Users\Microsoft\Windows\WER\ReportArchive\Kernel_117_12ff4e438de726464b4fecd603bb30184e4394_00000000_cab_4121552f-0538-462d-960e-ad6af38ad0a5"
[Warn  - 12:39:26] (26416) Skipping broken link "\Users\All Users\Microsoft\Windows\WER\ReportArchive\Kernel_117_38bb33b40cccafadeabde03d715d974223655e_00000000_cab_436e5744-f187-4f88-97f8-0d0c8f1c27e5"
[Warn  - 12:39:26] (26416) Skipping broken link "\Users\All Users\Microsoft\Windows\WER\ReportArchive\Kernel_141_4f5a37ff39395980785e399572f8b1ce8abc656f_00000000_cab_db2878ac-ebb5-4fd2-a439-905cd755668e"
[Warn  - 12:39:26] (26416) Skipping broken link "\Users\All Users\Microsoft\Windows\WER\ReportArchive\Kernel_141_c8f3119ca134cd4d8fbc6dea8ddfee808a3646f_00000000_cab_ca57b0b4-9385-4f17-a72d-9fa1b7d46c45"
[Warn  - 12:39:26] (26416) Skipping broken link "\Users\All Users\Microsoft\Windows\WER\ReportArchive\Kernel_144_104e2bb655e1db47e88c4b87b77a4edbc5dad5_00000000_cab_e4d6deae-e00d-4479-a36a-85b7c571473e"
[Warn  - 12:39:26] (26416) Skipping broken link "\Users\All Users\Microsoft\Windows\WER\ReportArchive\Kernel_144_a549875654b0347013b665b29b45549e467dce87_00000000_cab_008a5422-69ae-495e-a009-a9e2dbb2e4e8"
[Warn  - 12:39:26] (26416) Skipping broken link "\Users\All Users\Microsoft\Windows\WER\ReportArchive\Kernel_144_ac2660a636c221725edc28727bca16f1c13bd144_00000000_cab_63a3c267-cf81-4796-a21e-bd684e0f1a39"
[Warn  - 12:39:26] (26416) Skipping broken link "\Users\All Users\Microsoft\Windows\WER\ReportArchive\Kernel_144_ca4353ca1ca6b9a81ee5d5f46c3ffa3846af5c_00000000_cab_5a6fef4b-1290-48aa-95ed-655538258df8"
[Warn  - 12:39:26] (26416) Skipping broken link "\Users\All Users\Microsoft\Windows\WER\ReportArchive\Kernel_144_f0c1ed8c991a1b18d1ef91e95397b7af1c163eb8_00000000_cab_daebcd58-0c7e-4a97-a397-a0fd8e197012"
[Warn  - 12:39:26] (26416) Skipping broken link "\Users\All Users\Microsoft\Windows\WER\ReportArchive\Kernel_193_ddd1a252b628868f68ad45da20bbbeebdf14b_00000000_cab_1fc99f5f-9b94-46f1-b6d4-4d03b7e41315"
[Warn  - 12:39:26] (26416) Skipping broken link "\Users\All Users\Microsoft\Windows\WER\ReportArchive\NonCritical_1.0.85.0_b73889a8f1f52a448c8640fb2437c78a8de057ee_00000000_0a078d51-e31c-4a89-ba63-f42c4306f294"
[Warn  - 12:39:26] (26416) Skipping broken link "\Users\All Users\Microsoft\Windows\WER\ReportArchive\NonCritical_1.0.85.0_b73889a8f1f52a448c8640fb2437c78a8de057ee_00000000_4cfce989-1552-46f5-9c23-b86dd6f9710f"
[Warn  - 12:39:26] (26416) Skipping broken link "\Users\All Users\Microsoft\Windows\WER\ReportArchive\NonCritical_1.0.85.0_b73889a8f1f52a448c8640fb2437c78a8de057ee_00000000_5c69273d-63e8-4208-80a2-f470eab2a679"
[Warn  - 12:39:26] (26416) Skipping broken link "\Users\All Users\Microsoft\Windows\WER\ReportArchive\NonCritical_3_fc853d7f92732955598999d7e3dfff794444da9e_00000000_4f703be5-9094-4840-9156-dd5d30672b57"
[Warn  - 12:39:26] (26416) Skipping broken link "\Users\All Users\Microsoft\Windows\WER\ReportArchive\NonCritical_MicrosoftEdgeUpd_afce25defe1ed9a24c11f435178f2ae0eb5f_00000000_bd3ecb80-81a3-4d32-a337-3182366e5cf1"
[Warn  - 12:39:26] (26416) Skipping broken link "\Users\All Users\Microsoft\Windows\WER\ReportArchive\NonCritical_Update;ScanForUp_12888cf5585e2448f815e9b7afac680eccf76e2_00000000_2f2bf1ce-a65f-4d37-b15d-06cbba057020"
[Warn  - 12:39:26] (26416) Skipping broken link "\Users\All Users\Microsoft\Windows\WER\ReportArchive\NonCritical_Update;ScanForUp_395edf1936181cc1ae6dfcd44019b0e8079f57c_00000000_63a72db5-add5-484b-91f7-08764eb25f7b"
[Warn  - 12:39:26] (26416) Skipping broken link "\Users\All Users\Microsoft\Windows\WER\ReportArchive\NonCritical_Update;ScanForUp_94ec528086ded02c4214b53c83fa4c3a78537966_00000000_c12b6686-a285-4b2a-a973-2de8c64113b8"
[Warn  - 12:39:26] (26416) Skipping broken link "\Users\All Users\Microsoft\Windows\WER\ReportArchive\NonCritical_Update;ScanForUp_e0717865d0a250199e709217ac94f5c4c475445_00000000_f8d291df-e444-49db-9a67-caff86a526c5"
[Warn  - 12:39:26] (26416) Skipping broken link "\Users\All Users\Microsoft\Windows\WER\ReportArchive\NonCritical_Update;_5b66f8a813a86e527d2ff363d14f7271226b0_00000000_944b0eae-427a-4d8b-a83d-8c287af89f55"
[Warn  - 12:39:26] (26416) Skipping broken link "\Users\All Users\Microsoft\Windows\WER\ReportArchive\NonCritical_Update;_ef220e07b6b7516c8192c55e1faa1213ed16c2_00000000_95c2f3b4-a8af-4900-a029-d1442ca76338"
[Warn  - 12:39:26] (26416) Skipping broken link "\Users\All Users\Microsoft\Windows\WER\ReportArchive\NonCritical_VerifierFailure_889d216c91288a75c586debbe9c269c1617d9f0_00000000_12380066-475b-46b0-9ecf-14bd1c4f8958"
[Warn  - 12:39:26] (26416) Skipping broken link "\Users\All Users\Microsoft\Windows\WER\ReportArchive\NonCritical_VerifierFailure_889d216c91288a75c586debbe9c269c1617d9f0_00000000_2e840cd1-cc8e-4c0e-99f0-e94153625f44"
[Warn  - 12:39:26] (26416) Skipping broken link "\Users\All Users\Microsoft\Windows\WER\ReportArchive\NonCritical_VerifierFailure_889d216c91288a75c586debbe9c269c1617d9f0_00000000_b362d4f8-6ce1-4750-8f69-2d52ede266b1"
[Warn  - 12:39:26] (26416) Skipping broken link "\Users\All Users\Microsoft\Windows\WER\ReportArchive\NonCritical_VerifierFailure_889d216c91288a75c586debbe9c269c1617d9f0_00000000_b5afd4e2-68a7-4ad9-9382-54bafcb1d751"
[Warn  - 12:39:26] (26416) Skipping broken link "\Users\All Users\Microsoft\Windows\WER\ReportArchive\NonCritical_VerifierFailure_889d216c91288a75c586debbe9c269c1617d9f0_00000000_c4ca7168-26bf-4269-9d01-e57a0cee1ba7"
[Warn  - 12:39:26] (26416) Skipping broken link "\Users\All Users\Microsoft\Windows\WER\ReportArchive\NonCritical_VerifierFailure_889d216c91288a75c586debbe9c269c1617d9f0_00000000_f1b922d8-27e4-453d-85ea-43e8088bf7b9"
[Warn  - 12:39:26] (26416) Skipping broken link "\Users\All Users\Microsoft\Windows\WER\ReportArchive\NonCritical_unknown_d741f3791432bf44d1f8f38df7fadd96e2442dd_00000000_25355297-868e-4e55-8f8e-dd738e3d9d25"
[Warn  - 12:39:26] (26416) Skipping broken link "\Users\All Users\Microsoft\Windows\WER\ReportArchive\NonCritical_unknown_d741f3791432bf44d1f8f38df7fadd96e2442dd_00000000_3a942a74-4652-41c1-90ca-3c5acf45b3c2"
[Warn  - 12:39:26] (26416) Skipping broken link "\Users\All Users\Microsoft\Windows\WER\ReportArchive\NonCritical_unknown_d741f3791432bf44d1f8f38df7fadd96e2442dd_00000000_6a7a1258-9a2f-4976-86b3-c10018929e80"
[Warn  - 12:39:26] (26416) Skipping broken link "\Users\All Users\Microsoft\Windows\WER\ReportArchive\NonCritical_unknown_d741f3791432bf44d1f8f38df7fadd96e2442dd_00000000_dafe445d-8e59-4d50-b3d2-72afec6d9482"
[Warn  - 12:39:26] (26416) Skipping broken link "\Users\All Users\Microsoft\Windows\WindowsApps"
[Warn  - 12:39:26] (26416) Skipping broken link "\Users\All Users\Microsoft\Windows\wfp"
[Warn  - 12:39:26] (26416) Skipping broken link "\Users\All Users\Microsoft\Windows Defender\Clean Store"
[Warn  - 12:39:26] (26416) Skipping broken link "\Users\All Users\Microsoft\Windows Defender\Features"
[Warn  - 12:39:26] (26416) Skipping broken link "\Users\All Users\Microsoft\Windows Defender\LocalCopy"
[Warn  - 12:39:26] (26416) Skipping broken link "\Users\All Users\Microsoft\Windows Defender\Network Inspection System"
[Warn  - 12:39:26] (26416) Skipping broken link "\Users\All Users\Microsoft\Windows Defender\Platform\4.18.2205.7-0"
[Warn  - 12:39:26] (26416) Skipping broken link "\Users\All Users\Microsoft\Windows Defender\Quarantine"
[Warn  - 12:39:26] (26416) Skipping broken link "\Users\All Users\Microsoft\Windows Defender\Scans"
[Warn  - 12:39:26] (26416) Skipping broken link "\Users\All Users\Microsoft\Windows Defender\Support"
[Warn  - 12:39:26] (26416) Skipping broken link "\Users\All Users\Microsoft\Windows Defender Advanced Threat Protection\Cache"
[Warn  - 12:39:26] (26416) Skipping broken link "\Users\All Users\Microsoft\Windows Defender Advanced Threat Protection\Cyber"
[Warn  - 12:39:26] (26416) Skipping broken link "\Users\All Users\Microsoft\Windows Defender Advanced Threat Protection\DLP"
[Warn  - 12:39:26] (26416) Skipping broken link "\Users\All Users\Microsoft\Windows Defender Advanced Threat Protection\DataCollection"
[Warn  - 12:39:26] (26416) Skipping broken link "\Users\All Users\Microsoft\Windows Defender Advanced Threat Protection\Downloads"
[Warn  - 12:39:26] (26416) Skipping broken link "\Users\All Users\Microsoft\Windows Defender Advanced Threat Protection\SenseCM"
[Warn  - 12:39:26] (26416) Skipping broken link "\Users\All Users\Microsoft\Windows Defender Advanced Threat Protection\Temp\PSScriptOutputs"
[Warn  - 12:39:26] (26416) Skipping broken link "\Users\All Users\Microsoft\Windows Defender Advanced Threat Protection\Trace"
[Warn  - 12:39:26] (26416) Skipping broken link "\Users\All Users\Microsoft\Windows NT\MSFax"
[Warn  - 12:39:26] (26416) Skipping broken link "\Users\All Users\Packages"
[Warn  - 12:39:26] (26416) Skipping broken link "\Users\All Users\WindowsHolographicDevices"
[Info  - 12:39:32] (26416) Auto-excluding \Users\josverl\AppData\Local\Packages\PythonSoftwareFoundation.Python.3.9_qbz5n2kfra8p0\LocalCache\Local\pypoetry\Cache\virtualenvs\pep-561-stubs-zCNYpJoi-py3.9
[Error - 12:39:32] (26416) Enumeration of workspace source files is taking longer than 10 seconds.
This may be because:
* You have opened your home directory or entire hard drive as a workspace
* Your workspace contains a very large number of directories and files
* Your workspace contains a symlink to a directory with many files
* Your workspace is remote, and file enumeration is slow
To reduce this time, open a workspace directory with fewer files or add a pyrightconfig.json configuration file with an "exclude" section to exclude subdirectories from your workspace. For more details, refer to https://github.com/microsoft/pyright/blob/main/docs/configuration.md.
[Warn  - 12:39:33] (26416) Skipping broken link "\Users\josverl\AppData\Local\Temp\WinSAT"
[Warn  - 12:39:52] (26416) Skipping broken link "\Windows\CCM\DeviceGuard"
[Warn  - 12:39:52] (26416) Skipping broken link "\Windows\CCM\Inventory\idmifs\badmifs"
[Warn  - 12:39:52] (26416) Skipping broken link "\Windows\CCM\Metering"
[Warn  - 12:39:52] (26416) Skipping broken link "\Windows\CCM\PolicyBackup"
[Warn  - 12:39:52] (26416) Skipping broken link "\Windows\CCM\ScriptStore"
[Warn  - 12:39:52] (26416) Skipping broken link "\Windows\CCM\Staging"
[Warn  - 12:39:52] (26416) Skipping broken link "\Windows\CSC"
[Warn  - 12:39:52] (26416) Skipping broken link "\Windows\IMECache\HealthScripts\0126c159-bb68-4cec-9bb5-5c7ef6881437_1"
[Warn  - 12:39:52] (26416) Skipping broken link "\Windows\IMECache\HealthScripts\05f834c6-576d-490a-87b6-1b44447f2df9_1"
[Warn  - 12:39:52] (26416) Skipping broken link "\Windows\IMECache\HealthScripts\0620464e-1feb-4d1b-b568-dcb130b9b947_2"
[Warn  - 12:39:52] (26416) Skipping broken link "\Windows\IMECache\HealthScripts\1415bd6b-6835-47be-8511-a976d319fb91_1"
[Warn  - 12:39:52] (26416) Skipping broken link "\Windows\IMECache\HealthScripts\23b1829a-363c-41a0-bd4b-8603eb7a99c2_6"
[Warn  - 12:39:52] (26416) Skipping broken link "\Windows\IMECache\HealthScripts\249fc134-2bc5-4c50-ae70-1d7424252d77_1"
[Warn  - 12:39:52] (26416) Skipping broken link "\Windows\IMECache\HealthScripts\286c0803-254f-487f-abf1-acd6d48b769c_1"
[Warn  - 12:39:52] (26416) Skipping broken link "\Windows\IMECache\HealthScripts\3290affb-b4cd-49a3-88f2-9e413e1b22f6_2"
[Warn  - 12:39:52] (26416) Skipping broken link "\Windows\IMECache\HealthScripts\34607dda-0f63-4350-a224-961ef5950dc9_3"
[Warn  - 12:39:52] (26416) Skipping broken link "\Windows\IMECache\HealthScripts\4e97605c-05a8-4b19-9b25-d94d1dad9943_2"
[Warn  - 12:39:52] (26416) Skipping broken link "\Windows\IMECache\HealthScripts\4f067d90-d0fa-41f5-96ef-3b1624fbd283_1"
[Warn  - 12:39:52] (26416) Skipping broken link "\Windows\IMECache\HealthScripts\53bdad78-4367-4325-9368-e2cc5e7d4468_1"
[Warn  - 12:39:52] (26416) Skipping broken link "\Windows\IMECache\HealthScripts\53ffc3e9-fa6f-4f8d-8a4b-8ba091bfa532_2"
[Warn  - 12:39:52] (26416) Skipping broken link "\Windows\IMECache\HealthScripts\55d1768d-61cd-4ce9-a0f1-5535f033062f_2"
[Warn  - 12:39:52] (26416) Skipping broken link "\Windows\IMECache\HealthScripts\5e48c540-cdeb-4768-9302-b7f664629fb5_6"
[Warn  - 12:39:52] (26416) Skipping broken link "\Windows\IMECache\HealthScripts\67d1bd0a-e7dd-4092-b667-d1b29d73c3da_1"
[Warn  - 12:39:52] (26416) Skipping broken link "\Windows\IMECache\HealthScripts\6b47dad8-9f52-4773-8ea2-7ae79a3529cc_1"
[Warn  - 12:39:52] (26416) Skipping broken link "\Windows\IMECache\HealthScripts\70f03d3f-a2d0-400b-aa22-f86494756536_1"
[Warn  - 12:39:52] (26416) Skipping broken link "\Windows\IMECache\HealthScripts\7347a3cf-6271-4b62-945f-fa28925a6617_1"
[Warn  - 12:39:52] (26416) Skipping broken link "\Windows\IMECache\HealthScripts\75f4e35c-dd46-41d1-90ff-3578f5e66cb8_7"
[Warn  - 12:39:52] (26416) Skipping broken link "\Windows\IMECache\HealthScripts\785c9e6b-b79a-4a31-a063-25613de2fe5a_1"
[Warn  - 12:39:52] (26416) Skipping broken link "\Windows\IMECache\HealthScripts\7e70abca-fe7e-43f6-8f35-b1be42d91846_3"
[Warn  - 12:39:52] (26416) Skipping broken link "\Windows\IMECache\HealthScripts\8a40d026-38ce-4f3e-ac2f-54543856c40d_4"
[Warn  - 12:39:52] (26416) Skipping broken link "\Windows\IMECache\HealthScripts\8b6456cf-1552-4b72-b94a-0a32876834e3_1"
[Warn  - 12:39:52] (26416) Skipping broken link "\Windows\IMECache\HealthScripts\9d23567e-0b57-4f71-be74-d831bdcf6a3a_1"
[Warn  - 12:39:52] (26416) Skipping broken link "\Windows\IMECache\HealthScripts\a31bb0e7-50f1-4789-9dc1-2ae409501b35_2"
[Warn  - 12:39:52] (26416) Skipping broken link "\Windows\IMECache\HealthScripts\a47d1a30-1980-423a-b6ee-dc190144088e_1"
[Warn  - 12:39:52] (26416) Skipping broken link "\Windows\IMECache\HealthScripts\a9db2396-c306-473e-9a9d-bf1fcfa12a6e_1"
[Warn  - 12:39:52] (26416) Skipping broken link "\Windows\IMECache\HealthScripts\b44728ab-3d7d-4433-a147-97f4d4fd83f5_1"
[Warn  - 12:39:52] (26416) Skipping broken link "\Windows\IMECache\HealthScripts\b5860eed-5873-4c41-a929-4bc738ed38df_1"
[Warn  - 12:39:52] (26416) Skipping broken link "\Windows\IMECache\HealthScripts\c363ff0e-679a-4d31-9c21-565052361ab1_2"
[Warn  - 12:39:52] (26416) Skipping broken link "\Windows\IMECache\HealthScripts\c37cb7eb-efe0-478f-9699-952e4872cbfa_1"
[Warn  - 12:39:52] (26416) Skipping broken link "\Windows\IMECache\HealthScripts\c63c5db7-afd8-451c-bffb-9d083006a0d9_2"
[Warn  - 12:39:52] (26416) Skipping broken link "\Windows\IMECache\HealthScripts\cd3390dc-9a97-4aa4-a10c-5f61f281a2fc_1"
[Warn  - 12:39:52] (26416) Skipping broken link "\Windows\IMECache\HealthScripts\d65361ae-de34-461e-a3dd-b80ef9b7a1ef_1"
[Warn  - 12:39:52] (26416) Skipping broken link "\Windows\IMECache\HealthScripts\db8fbd35-3005-4817-a5ad-335b0b19c0e8_2"
[Warn  - 12:39:52] (26416) Skipping broken link "\Windows\IMECache\HealthScripts\e5b3e175-e3ae-4b31-9532-31fdd3b6097e_2"
[Warn  - 12:39:52] (26416) Skipping broken link "\Windows\IMECache\HealthScripts\eb7c64c0-0e15-421a-a453-2f67760cf152_1"
[Warn  - 12:39:52] (26416) Skipping broken link "\Windows\IMECache\HealthScripts\f20fb26d-5ea2-465f-bd2f-58fa564a710d_5"
[Warn  - 12:39:52] (26416) Skipping broken link "\Windows\IMECache\HealthScripts\f6617f93-a7dd-4c47-94f3-3634e87dc399_1"
[Warn  - 12:39:52] (26416) Skipping broken link "\Windows\IMECache\HealthScripts\fb97fd7b-1917-4d7a-a1b9-504955358a0b_1"
[Warn  - 12:39:52] (26416) Skipping broken link "\Windows\LiveKernelReports"
[Warn  - 12:39:52] (26416) Skipping broken link "\Windows\Logs\SystemRestore"
[Warn  - 12:39:52] (26416) Skipping broken link "\Windows\Logs\Telephony"
[Warn  - 12:39:53] (26416) Skipping broken link "\Windows\ModemLogs"
[Warn  - 12:39:53] (26416) Skipping broken link "\Windows\PLA\Reports"
[Warn  - 12:39:53] (26416) Skipping broken link "\Windows\PLA\Rules"
[Warn  - 12:39:53] (26416) Skipping broken link "\Windows\PLA\Templates"
[Warn  - 12:39:53] (26416) Skipping broken link "\Windows\Prefetch"
[Warn  - 12:39:53] (26416) Skipping broken link "\Windows\Provisioning\Autopilot"
[Warn  - 12:39:53] (26416) Skipping broken link "\Windows\Resources\Themes\aero\VSCache"
[Warn  - 12:39:53] (26416) Skipping broken link "\Windows\ServiceProfiles\LocalService"
[Warn  - 12:39:53] (26416) Skipping broken link "\Windows\ServiceProfiles\NetworkService"
[Warn  - 12:39:53] (26416) Skipping broken link "\Windows\ServiceState"
[Warn  - 12:39:53] (26416) Skipping broken link "\Windows\SysWOW64\Configuration"
[Warn  - 12:39:53] (26416) Skipping broken link "\Windows\SysWOW64\Msdtc"
[Warn  - 12:39:53] (26416) Skipping broken link "\Windows\SysWOW64\NetworkList"
[Warn  - 12:39:53] (26416) Skipping broken link "\Windows\SysWOW64\config"
[Warn  - 12:39:53] (26416) Skipping broken link "\Windows\SysWOW64\sru"
[Warn  - 12:39:53] (26416) Skipping broken link "\Windows\System32\Configuration"
[Warn  - 12:39:53] (26416) Skipping broken link "\Windows\System32\DriverState"
[Warn  - 12:39:53] (26416) Skipping broken link "\Windows\System32\LogFiles\Fax\Incoming"
[Warn  - 12:39:53] (26416) Skipping broken link "\Windows\System32\LogFiles\Fax\Outgoing"
[Warn  - 12:39:53] (26416) Skipping broken link "\Windows\System32\LogFiles\Firewall"
[Warn  - 12:39:53] (26416) Skipping broken link "\Windows\System32\LogFiles\WMI"
[Warn  - 12:39:53] (26416) Skipping broken link "\Windows\System32\MsDtc"
[Warn  - 12:39:53] (26416) Skipping broken link "\Windows\System32\SleepStudy"
[Warn  - 12:39:53] (26416) Skipping broken link "\Windows\System32\WDI"
[Warn  - 12:39:54] (26416) Skipping broken link "\Windows\System32\config"
[Warn  - 12:39:54] (26416) Skipping broken link "\Windows\System32\drivers\DriverData"
[Warn  - 12:39:54] (26416) Skipping broken link "\Windows\System32\ias"
[Warn  - 12:39:54] (26416) Skipping broken link "\Windows\System32\networklist"
[Warn  - 12:39:54] (26416) Skipping broken link "\Windows\System32\sru"
[Warn  - 12:39:54] (26416) Skipping broken link "\Windows\System32\wbem\MOF"
[Warn  - 12:39:54] (26416) Skipping broken link "\Windows\SystemTemp"
[Warn  - 12:39:54] (26416) Skipping broken link "\Windows\WUModels"
[Warn  - 12:40:09] (26416) Skipping broken link "\Windows\ccmcache"
[Warn  - 12:40:09] (26416) Skipping broken link "\Windows\ccmsetup"
[Warn  - 12:40:09] (26416) Skipping broken link "\Windows\security\audit"
[Warn  - 12:40:09] (26416) Skipping broken link "\Windows\security\cap"
[Warn  - 12:40:28] (26416) Skipping recursive symlink "\Windows.old\Users\Default\AppData\Local\Application Data\Application Data" -> "C:\Windows.old\Users\Default\AppData\Local"
[Warn  - 12:40:28] (26416) Skipping recursive symlink "\Windows.old\Users\Default\Local Settings\Application Data" -> "C:\Windows.old\Users\Default\AppData\Local"
[Warn  - 12:40:28] (26416) Skipping recursive symlink "\Windows.old\Users\Default User\AppData\Local\Application Data" -> "C:\Windows.old\Users\Default\AppData\Local"
[Warn  - 12:40:28] (26416) Skipping recursive symlink "\Windows.old\Users\Default User\Local Settings\Application Data" -> "C:\Windows.old\Users\Default\AppData\Local"
[Warn  - 12:40:28] (26416) Skipping recursive symlink "\Windows.old\Users\josverl\AppData\Local\Application Data\Application Data" -> "C:\Windows.old\Users\josverl\AppData\Local"
[Info  - 12:41:04] (26416) Auto-excluding \Windows.old\Users\josverl\AppData\Local\Application Data\pypoetry\Cache\virtualenvs\esp32-test123-stubs-9umebGtm-py3.9
[Info  - 12:41:25] (26416) Auto-excluding \Windows.old\Users\josverl\AppData\Local\pypoetry\Cache\virtualenvs\esp32-test123-stubs-9umebGtm-py3.9
[Warn  - 12:41:35] (26416) Skipping recursive symlink "\Windows.old\Users\josverl\Local Settings\Application Data" -> "C:\Users\josverl\AppData\Local"
[Info  - 12:41:44] (26416) Auto-excluding \Windows.old\Users\josverl\Local Settings\Packages\PythonSoftwareFoundation.Python.3.9_qbz5n2kfra8p0\LocalCache\Local\pypoetry\Cache\virtualenvs\pep-561-stubs-zCNYpJoi-py3.9
[Warn  - 12:41:45] (26416) Skipping broken link "\Windows.old\Users\josverl\Local Settings\Temp\WinSAT"
[Info  - 12:42:12] (26416) Auto-excluding \develop\MSFTGraph\JustGraph_py\venv
[Info  - 12:42:17] (26416) Auto-excluding \develop\MyPython\Scratch\updaztecheck\venv
[Info  - 12:42:28] (26416) Auto-excluding \develop\MyPython\micropython\ports\esp32\build-venv
[Info  - 12:42:33] (26416) Auto-excluding \develop\MyPython\pipx\venv-ub
[Info  - 12:42:56] (26416) Auto-excluding \develop\Teams-Dev\EventHub\Py101\venv
[Info  - 12:42:58] (26416) Auto-excluding \develop\Teams-Dev\OfficeDev\BotBuilder-Samples\env
