[Info  - 00:00:00](000000)Pylance language server 2022.6.30 (pyright 212d1465) starting
[Info  - 00:00:00](000000)Server root directory: c:\Users\josverl\.vscode\extensions\ms-python.vscode-pylance-2022.6.30\dist
Notebook support: Legacy
[Info  - 00:00:00](000000)Background analysis(1) root directory: c:\Users\josverl\.vscode\extensions\ms-python.vscode-pylance-2022.6.30\dist
[Info  - 00:00:00](000000)Background analysis(1) started
[Info  - 00:00:00](000000)Background analysis(2) root directory: c:\Users\josverl\.vscode\extensions\ms-python.vscode-pylance-2022.6.30\dist
[Info  - 00:00:00](000000)Background analysis(2) started
[Info  - 00:00:00](000000)Background analysis(3) root directory: c:\Users\josverl\.vscode\extensions\ms-python.vscode-pylance-2022.6.30\dist
[Info  - 00:00:00](000000)Background analysis(3) started
[Info  - 00:00:00](000000)No configuration file found.
[Info  - 00:00:00](000000)No pyproject.toml file found.
[Info  - 00:00:00](000000)Setting pythonPath for service "root level": "c:\develop\MyPython\Scratch\stubs-esp8266-test\.venv\Scripts\python.exe"
[Warn  - 00:00:00](000000)stubPath c:\develop\MyPython\Scratch\stubs-esp8266-test\typings is not a valid directory.
[Info  - 00:00:00](000000)Assuming Python version 3.9
[Info  - 00:00:00](000000)Assuming Python platform Windows
[Info  - 00:00:00](000000)Search paths for c:\develop\MyPython\Scratch\stubs-esp8266-test
[Info  - 00:00:00](000000)  c:\Users\josverl\.vscode\extensions\ms-python.vscode-pylance-2022.6.30\dist\typeshed-fallback\stdlib
[Info  - 00:00:00](000000)  c:\develop\MyPython\Scratch\stubs-esp8266-test
[Info  - 00:00:00](000000)  c:\develop\MyPython\Scratch\stubs-esp8266-test\typings
[Info  - 00:00:00](000000)  c:\Users\josverl\.vscode\extensions\ms-python.vscode-pylance-2022.6.30\dist\typeshed-fallback\stubs\...
[Info  - 00:00:00](000000)  c:\Users\josverl\.vscode\extensions\ms-python.vscode-pylance-2022.6.30\dist\bundled\stubs
[Info  - 00:00:00](000000)  c:\Program Files\WindowsApps\PythonSoftwareFoundation.Python.3.9_3.9.3568.0_x64__qbz5n2kfra8p0\DLLs
[Info  - 00:00:00](000000)  c:\Program Files\WindowsApps\PythonSoftwareFoundation.Python.3.9_3.9.3568.0_x64__qbz5n2kfra8p0\Lib
[Info  - 00:00:00](000000)  c:\Users\josverl\AppData\Local\Microsoft\WindowsApps\PythonSoftwareFoundation.Python.3.9_qbz5n2kfra8p0
[Info  - 00:00:00](000000)  c:\develop\MyPython\Scratch\stubs-esp8266-test\.venv
[Info  - 00:00:00](000000)  c:\develop\MyPython\Scratch\stubs-esp8266-test\.venv\Lib\site-packages
[Info  - 00:00:00](000000)Adding fs watcher for library directories:
 C:\Program Files\WindowsApps\PythonSoftwareFoundation.Python.3.9_3.9.3568.0_x64__qbz5n2kfra8p0\DLLs
C:\Program Files\WindowsApps\PythonSoftwareFoundation.Python.3.9_3.9.3568.0_x64__qbz5n2kfra8p0\lib
C:\Users\josverl\AppData\Local\Microsoft\WindowsApps\PythonSoftwareFoundation.Python.3.9_qbz5n2kfra8p0
c:\develop\MyPython\Scratch\stubs-esp8266-test\.venv
c:\develop\MyPython\Scratch\stubs-esp8266-test\.venv\lib\site-packages
[Info  - 00:00:00](000000)Adding fs watcher for directories:
 c:\develop\MyPython\Scratch\stubs-esp8266-test
[Info  - 00:00:00](000000)Searching for source files
[Info  - 00:00:00](000000)Found 16 source files
(000000)Background analysis message: setConfigOptions
(000000)Background analysis message: setImportResolver
(000000)Background analysis message: ensurePartialStubPackages
(000000)Background analysis message: setTrackedFiles
[Info  - 00:00:00](000000)No configuration file found.
[Info  - 00:00:00](000000)No pyproject.toml file found.
[Info  - 00:00:00](000000)Setting pythonPath for service "esp8266": "C:\Users\josverl\AppData\Local\Microsoft\WindowsApps\python3.9.exe"
[Warn  - 00:00:00](000000)stubPath c:\develop\MyPython\Scratch\stubs-esp8266-test\project_esp8266\typings is not a valid directory.
[Info  - 00:00:00](000000)Assuming Python version 3.9
[Info  - 00:00:00](000000)Assuming Python platform Windows
[Info  - 00:00:00](000000)Search paths for c:\develop\MyPython\Scratch\stubs-esp8266-test\project_esp8266
[Info  - 00:00:00](000000)  c:\Users\josverl\.vscode\extensions\ms-python.vscode-pylance-2022.6.30\dist\typeshed-fallback\stdlib
[Info  - 00:00:00](000000)  c:\develop\MyPython\Scratch\stubs-esp8266-test\project_esp8266
[Info  - 00:00:00](000000)  c:\develop\MyPython\Scratch\stubs-esp8266-test\project_esp8266\typings
[Info  - 00:00:00](000000)  c:\Users\josverl\.vscode\extensions\ms-python.vscode-pylance-2022.6.30\dist\typeshed-fallback\stubs\...
[Info  - 00:00:00](000000)  c:\Users\josverl\.vscode\extensions\ms-python.vscode-pylance-2022.6.30\dist\bundled\stubs
[Info  - 00:00:00](000000)  c:\Program Files\WindowsApps\PythonSoftwareFoundation.Python.3.9_3.9.3568.0_x64__qbz5n2kfra8p0\DLLs
[Info  - 00:00:00](000000)  c:\Program Files\WindowsApps\PythonSoftwareFoundation.Python.3.9_3.9.3568.0_x64__qbz5n2kfra8p0\Lib
[Info  - 00:00:00](000000)  c:\Users\josverl\AppData\Local\Microsoft\WindowsApps\PythonSoftwareFoundation.Python.3.9_qbz5n2kfra8p0
[Info  - 00:00:00](000000)  c:\Users\josverl\AppData\Local\Packages\PythonSoftwareFoundation.Python.3.9_qbz5n2kfra8p0\LocalCache\local-packages\Python39\site-packages
[Info  - 00:00:00](000000)  c:\Program Files\WindowsApps\PythonSoftwareFoundation.Python.3.9_3.9.3568.0_x64__qbz5n2kfra8p0
[Info  - 00:00:00](000000)  c:\Program Files\WindowsApps\PythonSoftwareFoundation.Python.3.9_3.9.3568.0_x64__qbz5n2kfra8p0\Lib\site-packages
[Info  - 00:00:00](000000)Adding fs watcher for library directories:
 C:\Program Files\WindowsApps\PythonSoftwareFoundation.Python.3.9_3.9.3568.0_x64__qbz5n2kfra8p0\DLLs
C:\Program Files\WindowsApps\PythonSoftwareFoundation.Python.3.9_3.9.3568.0_x64__qbz5n2kfra8p0\lib
C:\Users\josverl\AppData\Local\Microsoft\WindowsApps\PythonSoftwareFoundation.Python.3.9_qbz5n2kfra8p0
C:\Users\josverl\AppData\Local\Packages\PythonSoftwareFoundation.Python.3.9_qbz5n2kfra8p0\LocalCache\local-packages\Python39\site-packages
C:\Program Files\WindowsApps\PythonSoftwareFoundation.Python.3.9_3.9.3568.0_x64__qbz5n2kfra8p0
C:\Program Files\WindowsApps\PythonSoftwareFoundation.Python.3.9_3.9.3568.0_x64__qbz5n2kfra8p0\lib\site-packages
[Info  - 00:00:00](000000)Adding fs watcher for directories:
 c:\develop\MyPython\Scratch\stubs-esp8266-test\project_esp8266
[Info  - 00:00:00](000000)Searching for source files
[Info  - 00:00:00](000000)Found 16 source files
[Info  - 00:00:00](000000)SourceFile: Received fs event 'change' for path 'c:\develop\MyPython\Scratch\stubs-esp8266-test\.git\fsmonitor--daemon\cookies\16172-1579'
(000000)Background analysis message: markAllFilesDirty
(000000)Background analysis message: analyze
(000000)Background analysis message: setConfigOptions
(000000)Background analysis message: setImportResolver
(000000)Background analysis message: ensurePartialStubPackages
(000000)Background analysis message: setTrackedFiles
[Info  - 00:00:00](000000)No configuration file found.
[Info  - 00:00:00](000000)No pyproject.toml file found.
[Info  - 00:00:00](000000)Setting pythonPath for service "esp32": "C:\Users\josverl\AppData\Local\Microsoft\WindowsApps\python3.9.exe"
[Warn  - 00:00:00](000000)stubPath c:\develop\MyPython\Scratch\stubs-esp8266-test\project_esp32\typings is not a valid directory.
[Info  - 00:00:00](000000)Assuming Python version 3.9
[Info  - 00:00:00](000000)Assuming Python platform Windows
[Info  - 00:00:00](000000)Search paths for c:\develop\MyPython\Scratch\stubs-esp8266-test\project_esp32
[Info  - 00:00:00](000000)  c:\Users\josverl\.vscode\extensions\ms-python.vscode-pylance-2022.6.30\dist\typeshed-fallback\stdlib
[Info  - 00:00:00](000000)  c:\develop\MyPython\Scratch\stubs-esp8266-test\project_esp32
[Info  - 00:00:00](000000)  c:\develop\MyPython\Scratch\stubs-esp8266-test\project_esp32\typings
[Info  - 00:00:00](000000)  c:\Users\josverl\.vscode\extensions\ms-python.vscode-pylance-2022.6.30\dist\typeshed-fallback\stubs\...
[Info  - 00:00:00](000000)  c:\Users\josverl\.vscode\extensions\ms-python.vscode-pylance-2022.6.30\dist\bundled\stubs
[Info  - 00:00:00](000000)  c:\Program Files\WindowsApps\PythonSoftwareFoundation.Python.3.9_3.9.3568.0_x64__qbz5n2kfra8p0\DLLs
[Info  - 00:00:00](000000)  c:\Program Files\WindowsApps\PythonSoftwareFoundation.Python.3.9_3.9.3568.0_x64__qbz5n2kfra8p0\Lib
[Info  - 00:00:00](000000)  c:\Users\josverl\AppData\Local\Microsoft\WindowsApps\PythonSoftwareFoundation.Python.3.9_qbz5n2kfra8p0
[Info  - 00:00:00](000000)  c:\Users\josverl\AppData\Local\Packages\PythonSoftwareFoundation.Python.3.9_qbz5n2kfra8p0\LocalCache\local-packages\Python39\site-packages
[Info  - 00:00:00](000000)  c:\Program Files\WindowsApps\PythonSoftwareFoundation.Python.3.9_3.9.3568.0_x64__qbz5n2kfra8p0
[Info  - 00:00:00](000000)  c:\Program Files\WindowsApps\PythonSoftwareFoundation.Python.3.9_3.9.3568.0_x64__qbz5n2kfra8p0\Lib\site-packages
[Info  - 00:00:00](000000)Adding fs watcher for library directories:
 C:\Program Files\WindowsApps\PythonSoftwareFoundation.Python.3.9_3.9.3568.0_x64__qbz5n2kfra8p0\DLLs
C:\Program Files\WindowsApps\PythonSoftwareFoundation.Python.3.9_3.9.3568.0_x64__qbz5n2kfra8p0\lib
C:\Users\josverl\AppData\Local\Microsoft\WindowsApps\PythonSoftwareFoundation.Python.3.9_qbz5n2kfra8p0
C:\Users\josverl\AppData\Local\Packages\PythonSoftwareFoundation.Python.3.9_qbz5n2kfra8p0\LocalCache\local-packages\Python39\site-packages
C:\Program Files\WindowsApps\PythonSoftwareFoundation.Python.3.9_3.9.3568.0_x64__qbz5n2kfra8p0
C:\Program Files\WindowsApps\PythonSoftwareFoundation.Python.3.9_3.9.3568.0_x64__qbz5n2kfra8p0\lib\site-packages
[Info  - 00:00:00](000000)Adding fs watcher for directories:
 c:\develop\MyPython\Scratch\stubs-esp8266-test\project_esp32
[Info  - 00:00:00](000000)Searching for source files
[Info  - 00:00:00](000000)No source files found.
(000000)Background analysis message: markAllFilesDirty
(000000)Background analysis message: analyze
(000000)[BG(1)] analyzing: c:\develop\MyPython\Scratch\stubs-esp8266-test\project_esp8266\boot.py ...
(000000)[BG(1)]   parsing: c:\develop\MyPython\Scratch\stubs-esp8266-test\project_esp8266\boot.py [fs read 1ms] (35ms)
(000000)[BG(1)]   parsing: c:\Users\josverl\.vscode\extensions\ms-python.vscode-pylance-2022.6.30\dist\typeshed-fallback\stdlib\builtins.pyi [fs read 7ms] (241ms)
(000000)[BG(1)]   binding: c:\Users\josverl\.vscode\extensions\ms-python.vscode-pylance-2022.6.30\dist\typeshed-fallback\stdlib\builtins.pyi (88ms)
(000000)[BG(1)]   binding: c:\develop\MyPython\Scratch\stubs-esp8266-test\project_esp8266\boot.py (0ms)
(000000)[BG(1)]   checking: c:\develop\MyPython\Scratch\stubs-esp8266-test\project_esp8266\boot.py (2ms)
(000000)[BG(1)] analyzing: c:\develop\MyPython\Scratch\stubs-esp8266-test\project_esp8266\boot.py (370ms)
(000000)Background analysis message: resumeAnalysis
(000000)Background analysis message: setConfigOptions
(000000)Background analysis message: setImportResolver
(000000)Background analysis message: ensurePartialStubPackages
(000000)Background analysis message: setTrackedFiles
(000000)Background analysis message: markAllFilesDirty
(000000)[BG(1)] analyzing: c:\develop\MyPython\Scratch\stubs-esp8266-test\project_esp8266\main.py ...
(000000)[BG(1)]   parsing: c:\develop\MyPython\Scratch\stubs-esp8266-test\project_esp8266\main.py [fs read 4ms] (5ms)
(000000)[BG(1)]   binding: c:\develop\MyPython\Scratch\stubs-esp8266-test\project_esp8266\main.py (0ms)
(000000)[BG(1)]   checking: c:\develop\MyPython\Scratch\stubs-esp8266-test\project_esp8266\main.py (1ms)
(000000)[BG(1)] analyzing: c:\develop\MyPython\Scratch\stubs-esp8266-test\project_esp8266\main.py (7ms)
(000000)[BG(2)] parsing: c:\develop\MyPython\Scratch\stubs-esp8266-test\project_esp8266\boot.py [fs read 0ms] (53ms)
(000000)Background analysis message: analyze
(000000)[BG(1)] analyzing: c:\develop\MyPython\Scratch\stubs-esp8266-test\project_esp8266\validate_bare_const.py ...
(000000)[BG(1)]   parsing: c:\develop\MyPython\Scratch\stubs-esp8266-test\project_esp8266\validate_bare_const.py [fs read 0ms] (47ms)
(000000)[BG(1)]   binding: c:\develop\MyPython\Scratch\stubs-esp8266-test\project_esp8266\validate_bare_const.py (0ms)
(000000)[BG(1)]   checking: c:\develop\MyPython\Scratch\stubs-esp8266-test\project_esp8266\validate_bare_const.py ...
(000000)[BG(1)]     parsing: c:\Users\josverl\.vscode\extensions\ms-python.vscode-pylance-2022.6.30\dist\typeshed-fallback\stdlib\typing_extensions.pyi [fs read 1ms] (19ms)
(000000)[BG(1)]     binding: c:\Users\josverl\.vscode\extensions\ms-python.vscode-pylance-2022.6.30\dist\typeshed-fallback\stdlib\typing_extensions.pyi (4ms)
(000000)[BG(1)]     parsing: c:\Users\josverl\.vscode\extensions\ms-python.vscode-pylance-2022.6.30\dist\typeshed-fallback\stdlib\typing.pyi [fs read 1ms] (55ms)
(000000)[BG(1)]     binding: c:\Users\josverl\.vscode\extensions\ms-python.vscode-pylance-2022.6.30\dist\typeshed-fallback\stdlib\typing.pyi (10ms)
(000000)[BG(1)]     parsing: c:\Users\josverl\.vscode\extensions\ms-python.vscode-pylance-2022.6.30\dist\typeshed-fallback\stdlib\_typeshed\__init__.pyi [fs read 1ms] (45ms)
(000000)[BG(1)]     binding: c:\Users\josverl\.vscode\extensions\ms-python.vscode-pylance-2022.6.30\dist\typeshed-fallback\stdlib\_typeshed\__init__.pyi (3ms)
(000000)[BG(1)]     parsing: c:\Users\josverl\.vscode\extensions\ms-python.vscode-pylance-2022.6.30\dist\typeshed-fallback\stdlib\abc.pyi [fs read 0ms] (1ms)
(000000)[BG(1)]     binding: c:\Users\josverl\.vscode\extensions\ms-python.vscode-pylance-2022.6.30\dist\typeshed-fallback\stdlib\abc.pyi (1ms)
(000000)[BG(1)]     parsing: c:\develop\MyPython\Scratch\stubs-esp8266-test\.venv\Lib\site-packages\micropython.pyi [fs read 0ms] (6ms)
(000000)[BG(1)]     binding: c:\develop\MyPython\Scratch\stubs-esp8266-test\.venv\Lib\site-packages\micropython.pyi ...
(000000)[BG(1)]       parsing: c:\develop\MyPython\Scratch\stubs-esp8266-test\.venv\Lib\site-packages\pycopy.pyi [fs read 0ms] (1ms)
(000000)[BG(1)]       binding: c:\develop\MyPython\Scratch\stubs-esp8266-test\.venv\Lib\site-packages\pycopy.pyi (0ms)
(000000)[BG(1)]     binding: c:\develop\MyPython\Scratch\stubs-esp8266-test\.venv\Lib\site-packages\micropython.pyi (2ms)
(000000)[BG(2)] parsing: c:\Users\josverl\.vscode\extensions\ms-python.vscode-pylance-2022.6.30\dist\typeshed-fallback\stdlib\builtins.pyi [fs read 4ms] (199ms)
(000000)[BG(1)]   checking: c:\develop\MyPython\Scratch\stubs-esp8266-test\project_esp8266\validate_bare_const.py (198ms)
(000000)[BG(1)] analyzing: c:\develop\MyPython\Scratch\stubs-esp8266-test\project_esp8266\validate_bare_const.py (247ms)
(000000)Background analysis message: resumeAnalysis
(000000)[BG(1)] analyzing: c:\develop\MyPython\Scratch\stubs-esp8266-test\project_esp8266\validate_collections.py ...
(000000)[BG(1)]   parsing: c:\develop\MyPython\Scratch\stubs-esp8266-test\project_esp8266\validate_collections.py [fs read 12ms] (15ms)
(000000)[BG(1)]   binding: c:\develop\MyPython\Scratch\stubs-esp8266-test\project_esp8266\validate_collections.py (2ms)
(000000)[BG(1)]   checking: c:\develop\MyPython\Scratch\stubs-esp8266-test\project_esp8266\validate_collections.py ...
(000000)[BG(1)]     parsing: c:\Users\josverl\.vscode\extensions\ms-python.vscode-pylance-2022.6.30\dist\typeshed-fallback\stdlib\collections\__init__.pyi [fs read 13ms] (35ms)
(000000)[BG(2)] binding: c:\Users\josverl\.vscode\extensions\ms-python.vscode-pylance-2022.6.30\dist\typeshed-fallback\stdlib\builtins.pyi (65ms)
(000000)[BG(1)]     binding: c:\Users\josverl\.vscode\extensions\ms-python.vscode-pylance-2022.6.30\dist\typeshed-fallback\stdlib\collections\__init__.pyi ...
(000000)[BG(1)]       parsing: c:\Users\josverl\.vscode\extensions\ms-python.vscode-pylance-2022.6.30\dist\typeshed-fallback\stdlib\_collections_abc.pyi [fs read 0ms] (2ms)
(000000)[BG(2)] binding: c:\develop\MyPython\Scratch\stubs-esp8266-test\project_esp8266\boot.py (0ms)
(000000)[BG(2)] indexing: c:\develop\MyPython\Scratch\stubs-esp8266-test\project_esp8266\boot.py [found 0] (1ms)
(000000)Indexing Done: c:\develop\MyPython\Scratch\stubs-esp8266-test\project_esp8266\boot.py
(000000)[BG(1)]       binding: c:\Users\josverl\.vscode\extensions\ms-python.vscode-pylance-2022.6.30\dist\typeshed-fallback\stdlib\_collections_abc.pyi (1ms)
(000000)[BG(2)] parsing: c:\develop\MyPython\Scratch\stubs-esp8266-test\project_esp8266\main.py [fs read 4ms] (5ms)
(000000)[BG(2)] binding: c:\develop\MyPython\Scratch\stubs-esp8266-test\project_esp8266\main.py (0ms)
(000000)[BG(2)] indexing: c:\develop\MyPython\Scratch\stubs-esp8266-test\project_esp8266\main.py [found 0] (0ms)
(000000)Indexing Done: c:\develop\MyPython\Scratch\stubs-esp8266-test\project_esp8266\main.py
(000000)[BG(2)] parsing: c:\develop\MyPython\Scratch\stubs-esp8266-test\project_esp8266\validate_bare_const.py [fs read 1ms] (7ms)
[Info  - 00:00:00](000000)Could not import 'micropython' in file 'c:\develop\MyPython\Scratch\stubs-esp8266-test\project_esp8266\validate_bare_const.py'
[Info  - 00:00:00](000000)  Looking in stubPath 'c:\develop\MyPython\Scratch\stubs-esp8266-test\project_esp8266\typings'
[Info  - 00:00:00](000000)  Attempting to resolve stub package using root path 'c:\develop\MyPython\Scratch\stubs-esp8266-test\project_esp8266\typings'
[Info  - 00:00:00](000000)  Attempting to resolve using root path 'c:\develop\MyPython\Scratch\stubs-esp8266-test\project_esp8266\typings'
[Info  - 00:00:00](000000)  Looking in root directory of execution environment 'c:\develop\MyPython\Scratch\stubs-esp8266-test\project_esp8266'
[Info  - 00:00:00](000000)  Attempting to resolve stub package using root path 'c:\develop\MyPython\Scratch\stubs-esp8266-test\project_esp8266'
[Info  - 00:00:00](000000)  Attempting to resolve using root path 'c:\develop\MyPython\Scratch\stubs-esp8266-test\project_esp8266'
[Info  - 00:00:00](000000)  Looking in python search path 'c:\Program Files\WindowsApps\PythonSoftwareFoundation.Python.3.9_3.9.3568.0_x64__qbz5n2kfra8p0\DLLs'
[Info  - 00:00:00](000000)  Attempting to resolve stub package using root path 'c:\Program Files\WindowsApps\PythonSoftwareFoundation.Python.3.9_3.9.3568.0_x64__qbz5n2kfra8p0\DLLs'
[Info  - 00:00:00](000000)  Attempting to resolve using root path 'c:\Program Files\WindowsApps\PythonSoftwareFoundation.Python.3.9_3.9.3568.0_x64__qbz5n2kfra8p0\DLLs'
[Info  - 00:00:00](000000)  Looking in python search path 'c:\Program Files\WindowsApps\PythonSoftwareFoundation.Python.3.9_3.9.3568.0_x64__qbz5n2kfra8p0\Lib'
[Info  - 00:00:00](000000)  Attempting to resolve stub package using root path 'c:\Program Files\WindowsApps\PythonSoftwareFoundation.Python.3.9_3.9.3568.0_x64__qbz5n2kfra8p0\Lib'
[Info  - 00:00:00](000000)  Attempting to resolve using root path 'c:\Program Files\WindowsApps\PythonSoftwareFoundation.Python.3.9_3.9.3568.0_x64__qbz5n2kfra8p0\Lib'
[Info  - 00:00:00](000000)  Looking in python search path 'c:\Users\josverl\AppData\Local\Microsoft\WindowsApps\PythonSoftwareFoundation.Python.3.9_qbz5n2kfra8p0'
[Info  - 00:00:00](000000)  Attempting to resolve stub package using root path 'c:\Users\josverl\AppData\Local\Microsoft\WindowsApps\PythonSoftwareFoundation.Python.3.9_qbz5n2kfra8p0'
[Info  - 00:00:00](000000)  Attempting to resolve using root path 'c:\Users\josverl\AppData\Local\Microsoft\WindowsApps\PythonSoftwareFoundation.Python.3.9_qbz5n2kfra8p0'
[Info  - 00:00:00](000000)  Looking in python search path 'c:\Users\josverl\AppData\Local\Packages\PythonSoftwareFoundation.Python.3.9_qbz5n2kfra8p0\LocalCache\local-packages\Python39\site-packages'
[Info  - 00:00:00](000000)  Attempting to resolve stub package using root path 'c:\Users\josverl\AppData\Local\Packages\PythonSoftwareFoundation.Python.3.9_qbz5n2kfra8p0\LocalCache\local-packages\Python39\site-packages'
[Info  - 00:00:00](000000)  Attempting to resolve using root path 'c:\Users\josverl\AppData\Local\Packages\PythonSoftwareFoundation.Python.3.9_qbz5n2kfra8p0\LocalCache\local-packages\Python39\site-packages'
[Info  - 00:00:00](000000)  Looking in python search path 'c:\Program Files\WindowsApps\PythonSoftwareFoundation.Python.3.9_3.9.3568.0_x64__qbz5n2kfra8p0'
[Info  - 00:00:00](000000)  Attempting to resolve stub package using root path 'c:\Program Files\WindowsApps\PythonSoftwareFoundation.Python.3.9_3.9.3568.0_x64__qbz5n2kfra8p0'
[Info  - 00:00:00](000000)  Attempting to resolve using root path 'c:\Program Files\WindowsApps\PythonSoftwareFoundation.Python.3.9_3.9.3568.0_x64__qbz5n2kfra8p0'
[Info  - 00:00:00](000000)  Looking in python search path 'c:\Program Files\WindowsApps\PythonSoftwareFoundation.Python.3.9_3.9.3568.0_x64__qbz5n2kfra8p0\Lib\site-packages'
[Info  - 00:00:00](000000)  Attempting to resolve stub package using root path 'c:\Program Files\WindowsApps\PythonSoftwareFoundation.Python.3.9_3.9.3568.0_x64__qbz5n2kfra8p0\Lib\site-packages'
[Info  - 00:00:00](000000)  Attempting to resolve using root path 'c:\Program Files\WindowsApps\PythonSoftwareFoundation.Python.3.9_3.9.3568.0_x64__qbz5n2kfra8p0\Lib\site-packages'
[Info  - 00:00:00](000000)  Looking in bundled stubs path 'c:\Users\josverl\.vscode\extensions\ms-python.vscode-pylance-2022.6.30\dist\bundled\stubs'
[Info  - 00:00:00](000000)  Attempting to resolve stub package using root path 'c:\Users\josverl\.vscode\extensions\ms-python.vscode-pylance-2022.6.30\dist\bundled\stubs'
[Info  - 00:00:00](000000)  Attempting to resolve using root path 'c:\Users\josverl\.vscode\extensions\ms-python.vscode-pylance-2022.6.30\dist\bundled\stubs'
[Info  - 00:00:00](000000)  Looking for typeshed stdlib path
[Info  - 00:00:00](000000)  Looking for typeshed stdlib path
[Info  - 00:00:00](000000)  Attempting to resolve using root path 'c:\Users\josverl\.vscode\extensions\ms-python.vscode-pylance-2022.6.30\dist\typeshed-fallback\stdlib'
[Info  - 00:00:00](000000)  Typeshed path not found
[Info  - 00:00:00](000000)  Looking for typeshed third-party path
[Info  - 00:00:00](000000)  Looking for typeshed stubs path
[Info  - 00:00:00](000000)  Typeshed path not found
(000000)[BG(1)]     binding: c:\Users\josverl\.vscode\extensions\ms-python.vscode-pylance-2022.6.30\dist\typeshed-fallback\stdlib\collections\__init__.pyi (18ms)
(000000)[BG(2)] binding: c:\develop\MyPython\Scratch\stubs-esp8266-test\project_esp8266\validate_bare_const.py (2ms)
(000000)[BG(2)] indexing: c:\develop\MyPython\Scratch\stubs-esp8266-test\project_esp8266\validate_bare_const.py [found 1] (1ms)
(000000)Indexing Done: c:\develop\MyPython\Scratch\stubs-esp8266-test\project_esp8266\validate_bare_const.py
(000000)[BG(2)] parsing: c:\develop\MyPython\Scratch\stubs-esp8266-test\project_esp8266\validate_collections.py [fs read 1ms] (12ms)
(000000)[BG(2)] binding: c:\develop\MyPython\Scratch\stubs-esp8266-test\project_esp8266\validate_collections.py (2ms)
(000000)[BG(2)] indexing: c:\develop\MyPython\Scratch\stubs-esp8266-test\project_esp8266\validate_collections.py [found 6] (0ms)
(000000)Indexing Done: c:\develop\MyPython\Scratch\stubs-esp8266-test\project_esp8266\validate_collections.py
(000000)[BG(2)] parsing: c:\develop\MyPython\Scratch\stubs-esp8266-test\project_esp8266\validate_esp.py [fs read 12ms] (22ms)
[Info  - 00:00:00](000000)Could not import 'machine' in file 'c:\develop\MyPython\Scratch\stubs-esp8266-test\project_esp8266\validate_esp.py'
[Info  - 00:00:00](000000)  Looking in stubPath 'c:\develop\MyPython\Scratch\stubs-esp8266-test\project_esp8266\typings'
[Info  - 00:00:00](000000)  Attempting to resolve stub package using root path 'c:\develop\MyPython\Scratch\stubs-esp8266-test\project_esp8266\typings'
[Info  - 00:00:00](000000)  Attempting to resolve using root path 'c:\develop\MyPython\Scratch\stubs-esp8266-test\project_esp8266\typings'
[Info  - 00:00:00](000000)  Looking in root directory of execution environment 'c:\develop\MyPython\Scratch\stubs-esp8266-test\project_esp8266'
[Info  - 00:00:00](000000)  Attempting to resolve stub package using root path 'c:\develop\MyPython\Scratch\stubs-esp8266-test\project_esp8266'
[Info  - 00:00:00](000000)  Attempting to resolve using root path 'c:\develop\MyPython\Scratch\stubs-esp8266-test\project_esp8266'
[Info  - 00:00:00](000000)  Looking in python search path 'c:\Program Files\WindowsApps\PythonSoftwareFoundation.Python.3.9_3.9.3568.0_x64__qbz5n2kfra8p0\DLLs'
[Info  - 00:00:00](000000)  Attempting to resolve stub package using root path 'c:\Program Files\WindowsApps\PythonSoftwareFoundation.Python.3.9_3.9.3568.0_x64__qbz5n2kfra8p0\DLLs'
[Info  - 00:00:00](000000)  Attempting to resolve using root path 'c:\Program Files\WindowsApps\PythonSoftwareFoundation.Python.3.9_3.9.3568.0_x64__qbz5n2kfra8p0\DLLs'
[Info  - 00:00:00](000000)  Looking in python search path 'c:\Program Files\WindowsApps\PythonSoftwareFoundation.Python.3.9_3.9.3568.0_x64__qbz5n2kfra8p0\Lib'
[Info  - 00:00:00](000000)  Attempting to resolve stub package using root path 'c:\Program Files\WindowsApps\PythonSoftwareFoundation.Python.3.9_3.9.3568.0_x64__qbz5n2kfra8p0\Lib'
[Info  - 00:00:00](000000)  Attempting to resolve using root path 'c:\Program Files\WindowsApps\PythonSoftwareFoundation.Python.3.9_3.9.3568.0_x64__qbz5n2kfra8p0\Lib'
[Info  - 00:00:00](000000)  Looking in python search path 'c:\Users\josverl\AppData\Local\Microsoft\WindowsApps\PythonSoftwareFoundation.Python.3.9_qbz5n2kfra8p0'
[Info  - 00:00:00](000000)  Attempting to resolve stub package using root path 'c:\Users\josverl\AppData\Local\Microsoft\WindowsApps\PythonSoftwareFoundation.Python.3.9_qbz5n2kfra8p0'
[Info  - 00:00:00](000000)  Attempting to resolve using root path 'c:\Users\josverl\AppData\Local\Microsoft\WindowsApps\PythonSoftwareFoundation.Python.3.9_qbz5n2kfra8p0'
[Info  - 00:00:00](000000)  Looking in python search path 'c:\Users\josverl\AppData\Local\Packages\PythonSoftwareFoundation.Python.3.9_qbz5n2kfra8p0\LocalCache\local-packages\Python39\site-packages'
[Info  - 00:00:00](000000)  Attempting to resolve stub package using root path 'c:\Users\josverl\AppData\Local\Packages\PythonSoftwareFoundation.Python.3.9_qbz5n2kfra8p0\LocalCache\local-packages\Python39\site-packages'
[Info  - 00:00:00](000000)  Attempting to resolve using root path 'c:\Users\josverl\AppData\Local\Packages\PythonSoftwareFoundation.Python.3.9_qbz5n2kfra8p0\LocalCache\local-packages\Python39\site-packages'
[Info  - 00:00:00](000000)  Looking in python search path 'c:\Program Files\WindowsApps\PythonSoftwareFoundation.Python.3.9_3.9.3568.0_x64__qbz5n2kfra8p0'
[Info  - 00:00:00](000000)  Attempting to resolve stub package using root path 'c:\Program Files\WindowsApps\PythonSoftwareFoundation.Python.3.9_3.9.3568.0_x64__qbz5n2kfra8p0'
[Info  - 00:00:00](000000)  Attempting to resolve using root path 'c:\Program Files\WindowsApps\PythonSoftwareFoundation.Python.3.9_3.9.3568.0_x64__qbz5n2kfra8p0'
[Info  - 00:00:00](000000)  Looking in python search path 'c:\Program Files\WindowsApps\PythonSoftwareFoundation.Python.3.9_3.9.3568.0_x64__qbz5n2kfra8p0\Lib\site-packages'
[Info  - 00:00:00](000000)  Attempting to resolve stub package using root path 'c:\Program Files\WindowsApps\PythonSoftwareFoundation.Python.3.9_3.9.3568.0_x64__qbz5n2kfra8p0\Lib\site-packages'
[Info  - 00:00:00](000000)  Attempting to resolve using root path 'c:\Program Files\WindowsApps\PythonSoftwareFoundation.Python.3.9_3.9.3568.0_x64__qbz5n2kfra8p0\Lib\site-packages'
[Info  - 00:00:00](000000)  Looking in bundled stubs path 'c:\Users\josverl\.vscode\extensions\ms-python.vscode-pylance-2022.6.30\dist\bundled\stubs'
[Info  - 00:00:00](000000)  Attempting to resolve stub package using root path 'c:\Users\josverl\.vscode\extensions\ms-python.vscode-pylance-2022.6.30\dist\bundled\stubs'
[Info  - 00:00:00](000000)  Attempting to resolve using root path 'c:\Users\josverl\.vscode\extensions\ms-python.vscode-pylance-2022.6.30\dist\bundled\stubs'
[Info  - 00:00:00](000000)  Looking for typeshed stdlib path
[Info  - 00:00:00](000000)  Looking for typeshed stdlib path
[Info  - 00:00:00](000000)  Attempting to resolve using root path 'c:\Users\josverl\.vscode\extensions\ms-python.vscode-pylance-2022.6.30\dist\typeshed-fallback\stdlib'
[Info  - 00:00:00](000000)  Typeshed path not found
[Info  - 00:00:00](000000)  Looking for typeshed third-party path
[Info  - 00:00:00](000000)  Looking for typeshed stubs path
[Info  - 00:00:00](000000)  Typeshed path not found
[Info  - 00:00:00](000000)Could not import 'esp' in file 'c:\develop\MyPython\Scratch\stubs-esp8266-test\project_esp8266\validate_esp.py'
[Info  - 00:00:00](000000)  Looking in stubPath 'c:\develop\MyPython\Scratch\stubs-esp8266-test\project_esp8266\typings'
[Info  - 00:00:00](000000)  Attempting to resolve stub package using root path 'c:\develop\MyPython\Scratch\stubs-esp8266-test\project_esp8266\typings'
[Info  - 00:00:00](000000)  Attempting to resolve using root path 'c:\develop\MyPython\Scratch\stubs-esp8266-test\project_esp8266\typings'
[Info  - 00:00:00](000000)  Looking in root directory of execution environment 'c:\develop\MyPython\Scratch\stubs-esp8266-test\project_esp8266'
[Info  - 00:00:00](000000)  Attempting to resolve stub package using root path 'c:\develop\MyPython\Scratch\stubs-esp8266-test\project_esp8266'
[Info  - 00:00:00](000000)  Attempting to resolve using root path 'c:\develop\MyPython\Scratch\stubs-esp8266-test\project_esp8266'
[Info  - 00:00:00](000000)  Looking in python search path 'c:\Program Files\WindowsApps\PythonSoftwareFoundation.Python.3.9_3.9.3568.0_x64__qbz5n2kfra8p0\DLLs'
[Info  - 00:00:00](000000)  Attempting to resolve stub package using root path 'c:\Program Files\WindowsApps\PythonSoftwareFoundation.Python.3.9_3.9.3568.0_x64__qbz5n2kfra8p0\DLLs'
[Info  - 00:00:00](000000)  Attempting to resolve using root path 'c:\Program Files\WindowsApps\PythonSoftwareFoundation.Python.3.9_3.9.3568.0_x64__qbz5n2kfra8p0\DLLs'
[Info  - 00:00:00](000000)  Looking in python search path 'c:\Program Files\WindowsApps\PythonSoftwareFoundation.Python.3.9_3.9.3568.0_x64__qbz5n2kfra8p0\Lib'
[Info  - 00:00:00](000000)  Attempting to resolve stub package using root path 'c:\Program Files\WindowsApps\PythonSoftwareFoundation.Python.3.9_3.9.3568.0_x64__qbz5n2kfra8p0\Lib'
[Info  - 00:00:00](000000)  Attempting to resolve using root path 'c:\Program Files\WindowsApps\PythonSoftwareFoundation.Python.3.9_3.9.3568.0_x64__qbz5n2kfra8p0\Lib'
[Info  - 00:00:00](000000)  Looking in python search path 'c:\Users\josverl\AppData\Local\Microsoft\WindowsApps\PythonSoftwareFoundation.Python.3.9_qbz5n2kfra8p0'
[Info  - 00:00:00](000000)  Attempting to resolve stub package using root path 'c:\Users\josverl\AppData\Local\Microsoft\WindowsApps\PythonSoftwareFoundation.Python.3.9_qbz5n2kfra8p0'
[Info  - 00:00:00](000000)  Attempting to resolve using root path 'c:\Users\josverl\AppData\Local\Microsoft\WindowsApps\PythonSoftwareFoundation.Python.3.9_qbz5n2kfra8p0'
[Info  - 00:00:00](000000)  Looking in python search path 'c:\Users\josverl\AppData\Local\Packages\PythonSoftwareFoundation.Python.3.9_qbz5n2kfra8p0\LocalCache\local-packages\Python39\site-packages'
[Info  - 00:00:00](000000)  Attempting to resolve stub package using root path 'c:\Users\josverl\AppData\Local\Packages\PythonSoftwareFoundation.Python.3.9_qbz5n2kfra8p0\LocalCache\local-packages\Python39\site-packages'
[Info  - 00:00:00](000000)  Attempting to resolve using root path 'c:\Users\josverl\AppData\Local\Packages\PythonSoftwareFoundation.Python.3.9_qbz5n2kfra8p0\LocalCache\local-packages\Python39\site-packages'
[Info  - 00:00:00](000000)  Looking in python search path 'c:\Program Files\WindowsApps\PythonSoftwareFoundation.Python.3.9_3.9.3568.0_x64__qbz5n2kfra8p0'
[Info  - 00:00:00](000000)  Attempting to resolve stub package using root path 'c:\Program Files\WindowsApps\PythonSoftwareFoundation.Python.3.9_3.9.3568.0_x64__qbz5n2kfra8p0'
[Info  - 00:00:00](000000)  Attempting to resolve using root path 'c:\Program Files\WindowsApps\PythonSoftwareFoundation.Python.3.9_3.9.3568.0_x64__qbz5n2kfra8p0'
[Info  - 00:00:00](000000)  Looking in python search path 'c:\Program Files\WindowsApps\PythonSoftwareFoundation.Python.3.9_3.9.3568.0_x64__qbz5n2kfra8p0\Lib\site-packages'
[Info  - 00:00:00](000000)  Attempting to resolve stub package using root path 'c:\Program Files\WindowsApps\PythonSoftwareFoundation.Python.3.9_3.9.3568.0_x64__qbz5n2kfra8p0\Lib\site-packages'
[Info  - 00:00:00](000000)  Attempting to resolve using root path 'c:\Program Files\WindowsApps\PythonSoftwareFoundation.Python.3.9_3.9.3568.0_x64__qbz5n2kfra8p0\Lib\site-packages'
[Info  - 00:00:00](000000)  Looking in bundled stubs path 'c:\Users\josverl\.vscode\extensions\ms-python.vscode-pylance-2022.6.30\dist\bundled\stubs'
[Info  - 00:00:00](000000)  Attempting to resolve stub package using root path 'c:\Users\josverl\.vscode\extensions\ms-python.vscode-pylance-2022.6.30\dist\bundled\stubs'
[Info  - 00:00:00](000000)  Attempting to resolve using root path 'c:\Users\josverl\.vscode\extensions\ms-python.vscode-pylance-2022.6.30\dist\bundled\stubs'
[Info  - 00:00:00](000000)  Looking for typeshed stdlib path
[Info  - 00:00:00](000000)  Looking for typeshed stdlib path
[Info  - 00:00:00](000000)  Attempting to resolve using root path 'c:\Users\josverl\.vscode\extensions\ms-python.vscode-pylance-2022.6.30\dist\typeshed-fallback\stdlib'
[Info  - 00:00:00](000000)  Typeshed path not found
[Info  - 00:00:00](000000)  Looking for typeshed third-party path
[Info  - 00:00:00](000000)  Looking for typeshed stubs path
[Info  - 00:00:00](000000)  Typeshed path not found
(000000)[BG(2)] binding: c:\develop\MyPython\Scratch\stubs-esp8266-test\project_esp8266\validate_esp.py (0ms)
(000000)[BG(2)] indexing: c:\develop\MyPython\Scratch\stubs-esp8266-test\project_esp8266\validate_esp.py [found 3] (1ms)
(000000)Indexing Done: c:\develop\MyPython\Scratch\stubs-esp8266-test\project_esp8266\validate_esp.py
(000000)[BG(2)] parsing: c:\develop\MyPython\Scratch\stubs-esp8266-test\project_esp8266\validate_functions.py [fs read 8ms] (18ms)
(000000)[BG(1)]     parsing: c:\Users\josverl\.vscode\extensions\ms-python.vscode-pylance-2022.6.30\dist\typeshed-fallback\stdlib\collections\abc.pyi [fs read 0ms] (1ms)
(000000)[BG(1)]     binding: c:\Users\josverl\.vscode\extensions\ms-python.vscode-pylance-2022.6.30\dist\typeshed-fallback\stdlib\collections\abc.pyi (1ms)
(000000)[BG(2)] binding: c:\develop\MyPython\Scratch\stubs-esp8266-test\project_esp8266\validate_functions.py ...
(000000)[BG(2)]   parsing: c:\Users\josverl\.vscode\extensions\ms-python.vscode-pylance-2022.6.30\dist\typeshed-fallback\stdlib\socket.pyi [fs read 10ms] (53ms)
(000000)[BG(1)]   checking: c:\develop\MyPython\Scratch\stubs-esp8266-test\project_esp8266\validate_collections.py (168ms)
(000000)[BG(1)] analyzing: c:\develop\MyPython\Scratch\stubs-esp8266-test\project_esp8266\validate_collections.py (185ms)
(000000)[BG(2)]   binding: c:\Users\josverl\.vscode\extensions\ms-python.vscode-pylance-2022.6.30\dist\typeshed-fallback\stdlib\socket.pyi (8ms)
(000000)[BG(2)] binding: c:\develop\MyPython\Scratch\stubs-esp8266-test\project_esp8266\validate_functions.py (65ms)
(000000)[BG(2)] indexing: c:\develop\MyPython\Scratch\stubs-esp8266-test\project_esp8266\validate_functions.py [found 1] (0ms)
(000000)Indexing Done: c:\develop\MyPython\Scratch\stubs-esp8266-test\project_esp8266\validate_functions.py
(000000)[BG(1)] analyzing: c:\develop\MyPython\Scratch\stubs-esp8266-test\project_esp8266\validate_esp.py ...
(000000)[BG(1)]   parsing: c:\develop\MyPython\Scratch\stubs-esp8266-test\project_esp8266\validate_esp.py [fs read 0ms] (16ms)
(000000)[BG(1)]   binding: c:\develop\MyPython\Scratch\stubs-esp8266-test\project_esp8266\validate_esp.py (0ms)
(000000)[BG(2)] parsing: c:\develop\MyPython\Scratch\stubs-esp8266-test\project_esp8266\validate_gc.py [fs read 11ms] (23ms)
(000000)[BG(2)] binding: c:\develop\MyPython\Scratch\stubs-esp8266-test\project_esp8266\validate_gc.py (1ms)
(000000)[BG(2)] indexing: c:\develop\MyPython\Scratch\stubs-esp8266-test\project_esp8266\validate_gc.py [found 2] (0ms)
(000000)Indexing Done: c:\develop\MyPython\Scratch\stubs-esp8266-test\project_esp8266\validate_gc.py
(000000)[BG(1)]   checking: c:\develop\MyPython\Scratch\stubs-esp8266-test\project_esp8266\validate_esp.py ...
(000000)[BG(1)]     parsing: c:\develop\MyPython\Scratch\stubs-esp8266-test\.venv\Lib\site-packages\machine.pyi [fs read 12ms] (21ms)
(000000)[BG(1)]     binding: c:\develop\MyPython\Scratch\stubs-esp8266-test\.venv\Lib\site-packages\machine.pyi (5ms)
(000000)[BG(2)] parsing: c:\develop\MyPython\Scratch\stubs-esp8266-test\project_esp8266\validate_io.py [fs read 9ms] (10ms)
(000000)[BG(2)] binding: c:\develop\MyPython\Scratch\stubs-esp8266-test\project_esp8266\validate_io.py (1ms)
(000000)[BG(2)] indexing: c:\develop\MyPython\Scratch\stubs-esp8266-test\project_esp8266\validate_io.py [found 2] (0ms)
(000000)Indexing Done: c:\develop\MyPython\Scratch\stubs-esp8266-test\project_esp8266\validate_io.py
(000000)[BG(1)]     parsing: c:\develop\MyPython\Scratch\stubs-esp8266-test\.venv\Lib\site-packages\esp.pyi [fs read 9ms] (11ms)
(000000)[BG(1)]     binding: c:\develop\MyPython\Scratch\stubs-esp8266-test\.venv\Lib\site-packages\esp.pyi (1ms)
(000000)[BG(2)] parsing: c:\develop\MyPython\Scratch\stubs-esp8266-test\project_esp8266\validate_machine.py [fs read 9ms] (13ms)
[Info  - 00:00:00](000000)Could not import 'machine' in file 'c:\develop\MyPython\Scratch\stubs-esp8266-test\project_esp8266\validate_machine.py'
[Info  - 00:00:00](000000)  Looking in stubPath 'c:\develop\MyPython\Scratch\stubs-esp8266-test\project_esp8266\typings'
[Info  - 00:00:00](000000)  Attempting to resolve stub package using root path 'c:\develop\MyPython\Scratch\stubs-esp8266-test\project_esp8266\typings'
[Info  - 00:00:00](000000)  Attempting to resolve using root path 'c:\develop\MyPython\Scratch\stubs-esp8266-test\project_esp8266\typings'
[Info  - 00:00:00](000000)  Looking in root directory of execution environment 'c:\develop\MyPython\Scratch\stubs-esp8266-test\project_esp8266'
[Info  - 00:00:00](000000)  Attempting to resolve stub package using root path 'c:\develop\MyPython\Scratch\stubs-esp8266-test\project_esp8266'
[Info  - 00:00:00](000000)  Attempting to resolve using root path 'c:\develop\MyPython\Scratch\stubs-esp8266-test\project_esp8266'
[Info  - 00:00:00](000000)  Looking in python search path 'c:\Program Files\WindowsApps\PythonSoftwareFoundation.Python.3.9_3.9.3568.0_x64__qbz5n2kfra8p0\DLLs'
[Info  - 00:00:00](000000)  Attempting to resolve stub package using root path 'c:\Program Files\WindowsApps\PythonSoftwareFoundation.Python.3.9_3.9.3568.0_x64__qbz5n2kfra8p0\DLLs'
[Info  - 00:00:00](000000)  Attempting to resolve using root path 'c:\Program Files\WindowsApps\PythonSoftwareFoundation.Python.3.9_3.9.3568.0_x64__qbz5n2kfra8p0\DLLs'
[Info  - 00:00:00](000000)  Looking in python search path 'c:\Program Files\WindowsApps\PythonSoftwareFoundation.Python.3.9_3.9.3568.0_x64__qbz5n2kfra8p0\Lib'
[Info  - 00:00:00](000000)  Attempting to resolve stub package using root path 'c:\Program Files\WindowsApps\PythonSoftwareFoundation.Python.3.9_3.9.3568.0_x64__qbz5n2kfra8p0\Lib'
[Info  - 00:00:00](000000)  Attempting to resolve using root path 'c:\Program Files\WindowsApps\PythonSoftwareFoundation.Python.3.9_3.9.3568.0_x64__qbz5n2kfra8p0\Lib'
[Info  - 00:00:00](000000)  Looking in python search path 'c:\Users\josverl\AppData\Local\Microsoft\WindowsApps\PythonSoftwareFoundation.Python.3.9_qbz5n2kfra8p0'
[Info  - 00:00:00](000000)  Attempting to resolve stub package using root path 'c:\Users\josverl\AppData\Local\Microsoft\WindowsApps\PythonSoftwareFoundation.Python.3.9_qbz5n2kfra8p0'
[Info  - 00:00:00](000000)  Attempting to resolve using root path 'c:\Users\josverl\AppData\Local\Microsoft\WindowsApps\PythonSoftwareFoundation.Python.3.9_qbz5n2kfra8p0'
[Info  - 00:00:00](000000)  Looking in python search path 'c:\Users\josverl\AppData\Local\Packages\PythonSoftwareFoundation.Python.3.9_qbz5n2kfra8p0\LocalCache\local-packages\Python39\site-packages'
[Info  - 00:00:00](000000)  Attempting to resolve stub package using root path 'c:\Users\josverl\AppData\Local\Packages\PythonSoftwareFoundation.Python.3.9_qbz5n2kfra8p0\LocalCache\local-packages\Python39\site-packages'
[Info  - 00:00:00](000000)  Attempting to resolve using root path 'c:\Users\josverl\AppData\Local\Packages\PythonSoftwareFoundation.Python.3.9_qbz5n2kfra8p0\LocalCache\local-packages\Python39\site-packages'
[Info  - 00:00:00](000000)  Looking in python search path 'c:\Program Files\WindowsApps\PythonSoftwareFoundation.Python.3.9_3.9.3568.0_x64__qbz5n2kfra8p0'
[Info  - 00:00:00](000000)  Attempting to resolve stub package using root path 'c:\Program Files\WindowsApps\PythonSoftwareFoundation.Python.3.9_3.9.3568.0_x64__qbz5n2kfra8p0'
[Info  - 00:00:00](000000)  Attempting to resolve using root path 'c:\Program Files\WindowsApps\PythonSoftwareFoundation.Python.3.9_3.9.3568.0_x64__qbz5n2kfra8p0'
[Info  - 00:00:00](000000)  Looking in python search path 'c:\Program Files\WindowsApps\PythonSoftwareFoundation.Python.3.9_3.9.3568.0_x64__qbz5n2kfra8p0\Lib\site-packages'
[Info  - 00:00:00](000000)  Attempting to resolve stub package using root path 'c:\Program Files\WindowsApps\PythonSoftwareFoundation.Python.3.9_3.9.3568.0_x64__qbz5n2kfra8p0\Lib\site-packages'
[Info  - 00:00:00](000000)  Attempting to resolve using root path 'c:\Program Files\WindowsApps\PythonSoftwareFoundation.Python.3.9_3.9.3568.0_x64__qbz5n2kfra8p0\Lib\site-packages'
[Info  - 00:00:00](000000)  Looking in bundled stubs path 'c:\Users\josverl\.vscode\extensions\ms-python.vscode-pylance-2022.6.30\dist\bundled\stubs'
[Info  - 00:00:00](000000)  Attempting to resolve stub package using root path 'c:\Users\josverl\.vscode\extensions\ms-python.vscode-pylance-2022.6.30\dist\bundled\stubs'
[Info  - 00:00:00](000000)  Attempting to resolve using root path 'c:\Users\josverl\.vscode\extensions\ms-python.vscode-pylance-2022.6.30\dist\bundled\stubs'
[Info  - 00:00:00](000000)  Looking for typeshed stdlib path
[Info  - 00:00:00](000000)  Looking for typeshed stdlib path
[Info  - 00:00:00](000000)  Attempting to resolve using root path 'c:\Users\josverl\.vscode\extensions\ms-python.vscode-pylance-2022.6.30\dist\typeshed-fallback\stdlib'
[Info  - 00:00:00](000000)  Typeshed path not found
[Info  - 00:00:00](000000)  Looking for typeshed third-party path
[Info  - 00:00:00](000000)  Looking for typeshed stubs path
[Info  - 00:00:00](000000)  Typeshed path not found
(000000)[BG(2)] binding: c:\develop\MyPython\Scratch\stubs-esp8266-test\project_esp8266\validate_machine.py (0ms)
(000000)[BG(2)] indexing: c:\develop\MyPython\Scratch\stubs-esp8266-test\project_esp8266\validate_machine.py [found 1] (0ms)
(000000)Indexing Done: c:\develop\MyPython\Scratch\stubs-esp8266-test\project_esp8266\validate_machine.py
(000000)[BG(1)]   checking: c:\develop\MyPython\Scratch\stubs-esp8266-test\project_esp8266\validate_esp.py (47ms)
(000000)[BG(1)] analyzing: c:\develop\MyPython\Scratch\stubs-esp8266-test\project_esp8266\validate_esp.py (65ms)
(000000)Background analysis message: resumeAnalysis
(000000)[BG(2)] parsing: c:\develop\MyPython\Scratch\stubs-esp8266-test\project_esp8266\validate_micropython.py [fs read 10ms] (14ms)
[Info  - 00:00:00](000000)Could not import 'micropython' in file 'c:\develop\MyPython\Scratch\stubs-esp8266-test\project_esp8266\validate_micropython.py'
[Info  - 00:00:00](000000)  Looking in stubPath 'c:\develop\MyPython\Scratch\stubs-esp8266-test\project_esp8266\typings'
[Info  - 00:00:00](000000)  Attempting to resolve stub package using root path 'c:\develop\MyPython\Scratch\stubs-esp8266-test\project_esp8266\typings'
[Info  - 00:00:00](000000)  Attempting to resolve using root path 'c:\develop\MyPython\Scratch\stubs-esp8266-test\project_esp8266\typings'
[Info  - 00:00:00](000000)  Looking in root directory of execution environment 'c:\develop\MyPython\Scratch\stubs-esp8266-test\project_esp8266'
[Info  - 00:00:00](000000)  Attempting to resolve stub package using root path 'c:\develop\MyPython\Scratch\stubs-esp8266-test\project_esp8266'
[Info  - 00:00:00](000000)  Attempting to resolve using root path 'c:\develop\MyPython\Scratch\stubs-esp8266-test\project_esp8266'
[Info  - 00:00:00](000000)  Looking in python search path 'c:\Program Files\WindowsApps\PythonSoftwareFoundation.Python.3.9_3.9.3568.0_x64__qbz5n2kfra8p0\DLLs'
[Info  - 00:00:00](000000)  Attempting to resolve stub package using root path 'c:\Program Files\WindowsApps\PythonSoftwareFoundation.Python.3.9_3.9.3568.0_x64__qbz5n2kfra8p0\DLLs'
[Info  - 00:00:00](000000)  Attempting to resolve using root path 'c:\Program Files\WindowsApps\PythonSoftwareFoundation.Python.3.9_3.9.3568.0_x64__qbz5n2kfra8p0\DLLs'
[Info  - 00:00:00](000000)  Looking in python search path 'c:\Program Files\WindowsApps\PythonSoftwareFoundation.Python.3.9_3.9.3568.0_x64__qbz5n2kfra8p0\Lib'
[Info  - 00:00:00](000000)  Attempting to resolve stub package using root path 'c:\Program Files\WindowsApps\PythonSoftwareFoundation.Python.3.9_3.9.3568.0_x64__qbz5n2kfra8p0\Lib'
[Info  - 00:00:00](000000)  Attempting to resolve using root path 'c:\Program Files\WindowsApps\PythonSoftwareFoundation.Python.3.9_3.9.3568.0_x64__qbz5n2kfra8p0\Lib'
[Info  - 00:00:00](000000)  Looking in python search path 'c:\Users\josverl\AppData\Local\Microsoft\WindowsApps\PythonSoftwareFoundation.Python.3.9_qbz5n2kfra8p0'
[Info  - 00:00:00](000000)  Attempting to resolve stub package using root path 'c:\Users\josverl\AppData\Local\Microsoft\WindowsApps\PythonSoftwareFoundation.Python.3.9_qbz5n2kfra8p0'
[Info  - 00:00:00](000000)  Attempting to resolve using root path 'c:\Users\josverl\AppData\Local\Microsoft\WindowsApps\PythonSoftwareFoundation.Python.3.9_qbz5n2kfra8p0'
[Info  - 00:00:00](000000)  Looking in python search path 'c:\Users\josverl\AppData\Local\Packages\PythonSoftwareFoundation.Python.3.9_qbz5n2kfra8p0\LocalCache\local-packages\Python39\site-packages'
[Info  - 00:00:00](000000)  Attempting to resolve stub package using root path 'c:\Users\josverl\AppData\Local\Packages\PythonSoftwareFoundation.Python.3.9_qbz5n2kfra8p0\LocalCache\local-packages\Python39\site-packages'
[Info  - 00:00:00](000000)  Attempting to resolve using root path 'c:\Users\josverl\AppData\Local\Packages\PythonSoftwareFoundation.Python.3.9_qbz5n2kfra8p0\LocalCache\local-packages\Python39\site-packages'
[Info  - 00:00:00](000000)  Looking in python search path 'c:\Program Files\WindowsApps\PythonSoftwareFoundation.Python.3.9_3.9.3568.0_x64__qbz5n2kfra8p0'
[Info  - 00:00:00](000000)  Attempting to resolve stub package using root path 'c:\Program Files\WindowsApps\PythonSoftwareFoundation.Python.3.9_3.9.3568.0_x64__qbz5n2kfra8p0'
[Info  - 00:00:00](000000)  Attempting to resolve using root path 'c:\Program Files\WindowsApps\PythonSoftwareFoundation.Python.3.9_3.9.3568.0_x64__qbz5n2kfra8p0'
[Info  - 00:00:00](000000)  Looking in python search path 'c:\Program Files\WindowsApps\PythonSoftwareFoundation.Python.3.9_3.9.3568.0_x64__qbz5n2kfra8p0\Lib\site-packages'
[Info  - 00:00:00](000000)  Attempting to resolve stub package using root path 'c:\Program Files\WindowsApps\PythonSoftwareFoundation.Python.3.9_3.9.3568.0_x64__qbz5n2kfra8p0\Lib\site-packages'
[Info  - 00:00:00](000000)  Attempting to resolve using root path 'c:\Program Files\WindowsApps\PythonSoftwareFoundation.Python.3.9_3.9.3568.0_x64__qbz5n2kfra8p0\Lib\site-packages'
[Info  - 00:00:00](000000)  Looking in bundled stubs path 'c:\Users\josverl\.vscode\extensions\ms-python.vscode-pylance-2022.6.30\dist\bundled\stubs'
[Info  - 00:00:00](000000)  Attempting to resolve stub package using root path 'c:\Users\josverl\.vscode\extensions\ms-python.vscode-pylance-2022.6.30\dist\bundled\stubs'
[Info  - 00:00:00](000000)  Attempting to resolve using root path 'c:\Users\josverl\.vscode\extensions\ms-python.vscode-pylance-2022.6.30\dist\bundled\stubs'
[Info  - 00:00:00](000000)  Looking for typeshed stdlib path
[Info  - 00:00:00](000000)  Looking for typeshed stdlib path
[Info  - 00:00:00](000000)  Attempting to resolve using root path 'c:\Users\josverl\.vscode\extensions\ms-python.vscode-pylance-2022.6.30\dist\typeshed-fallback\stdlib'
[Info  - 00:00:00](000000)  Typeshed path not found
[Info  - 00:00:00](000000)  Looking for typeshed third-party path
[Info  - 00:00:00](000000)  Looking for typeshed stubs path
[Info  - 00:00:00](000000)  Typeshed path not found
[Info  - 00:00:00](000000)Could not import 'micropython' in file 'c:\develop\MyPython\Scratch\stubs-esp8266-test\project_esp8266\validate_micropython.py'
[Info  - 00:00:00](000000)  Looking in stubPath 'c:\develop\MyPython\Scratch\stubs-esp8266-test\project_esp8266\typings'
[Info  - 00:00:00](000000)  Attempting to resolve stub package using root path 'c:\develop\MyPython\Scratch\stubs-esp8266-test\project_esp8266\typings'
[Info  - 00:00:00](000000)  Attempting to resolve using root path 'c:\develop\MyPython\Scratch\stubs-esp8266-test\project_esp8266\typings'
[Info  - 00:00:00](000000)  Looking in root directory of execution environment 'c:\develop\MyPython\Scratch\stubs-esp8266-test\project_esp8266'
[Info  - 00:00:00](000000)  Attempting to resolve stub package using root path 'c:\develop\MyPython\Scratch\stubs-esp8266-test\project_esp8266'
[Info  - 00:00:00](000000)  Attempting to resolve using root path 'c:\develop\MyPython\Scratch\stubs-esp8266-test\project_esp8266'
[Info  - 00:00:00](000000)  Looking in python search path 'c:\Program Files\WindowsApps\PythonSoftwareFoundation.Python.3.9_3.9.3568.0_x64__qbz5n2kfra8p0\DLLs'
[Info  - 00:00:00](000000)  Attempting to resolve stub package using root path 'c:\Program Files\WindowsApps\PythonSoftwareFoundation.Python.3.9_3.9.3568.0_x64__qbz5n2kfra8p0\DLLs'
[Info  - 00:00:00](000000)  Attempting to resolve using root path 'c:\Program Files\WindowsApps\PythonSoftwareFoundation.Python.3.9_3.9.3568.0_x64__qbz5n2kfra8p0\DLLs'
[Info  - 00:00:00](000000)  Looking in python search path 'c:\Program Files\WindowsApps\PythonSoftwareFoundation.Python.3.9_3.9.3568.0_x64__qbz5n2kfra8p0\Lib'
[Info  - 00:00:00](000000)  Attempting to resolve stub package using root path 'c:\Program Files\WindowsApps\PythonSoftwareFoundation.Python.3.9_3.9.3568.0_x64__qbz5n2kfra8p0\Lib'
[Info  - 00:00:00](000000)  Attempting to resolve using root path 'c:\Program Files\WindowsApps\PythonSoftwareFoundation.Python.3.9_3.9.3568.0_x64__qbz5n2kfra8p0\Lib'
[Info  - 00:00:00](000000)  Looking in python search path 'c:\Users\josverl\AppData\Local\Microsoft\WindowsApps\PythonSoftwareFoundation.Python.3.9_qbz5n2kfra8p0'
[Info  - 00:00:00](000000)  Attempting to resolve stub package using root path 'c:\Users\josverl\AppData\Local\Microsoft\WindowsApps\PythonSoftwareFoundation.Python.3.9_qbz5n2kfra8p0'
[Info  - 00:00:00](000000)  Attempting to resolve using root path 'c:\Users\josverl\AppData\Local\Microsoft\WindowsApps\PythonSoftwareFoundation.Python.3.9_qbz5n2kfra8p0'
[Info  - 00:00:00](000000)  Looking in python search path 'c:\Users\josverl\AppData\Local\Packages\PythonSoftwareFoundation.Python.3.9_qbz5n2kfra8p0\LocalCache\local-packages\Python39\site-packages'
[Info  - 00:00:00](000000)  Attempting to resolve stub package using root path 'c:\Users\josverl\AppData\Local\Packages\PythonSoftwareFoundation.Python.3.9_qbz5n2kfra8p0\LocalCache\local-packages\Python39\site-packages'
[Info  - 00:00:00](000000)  Attempting to resolve using root path 'c:\Users\josverl\AppData\Local\Packages\PythonSoftwareFoundation.Python.3.9_qbz5n2kfra8p0\LocalCache\local-packages\Python39\site-packages'
[Info  - 00:00:00](000000)  Looking in python search path 'c:\Program Files\WindowsApps\PythonSoftwareFoundation.Python.3.9_3.9.3568.0_x64__qbz5n2kfra8p0'
[Info  - 00:00:00](000000)  Attempting to resolve stub package using root path 'c:\Program Files\WindowsApps\PythonSoftwareFoundation.Python.3.9_3.9.3568.0_x64__qbz5n2kfra8p0'
[Info  - 00:00:00](000000)  Attempting to resolve using root path 'c:\Program Files\WindowsApps\PythonSoftwareFoundation.Python.3.9_3.9.3568.0_x64__qbz5n2kfra8p0'
[Info  - 00:00:00](000000)  Looking in python search path 'c:\Program Files\WindowsApps\PythonSoftwareFoundation.Python.3.9_3.9.3568.0_x64__qbz5n2kfra8p0\Lib\site-packages'
[Info  - 00:00:00](000000)  Attempting to resolve stub package using root path 'c:\Program Files\WindowsApps\PythonSoftwareFoundation.Python.3.9_3.9.3568.0_x64__qbz5n2kfra8p0\Lib\site-packages'
[Info  - 00:00:00](000000)  Attempting to resolve using root path 'c:\Program Files\WindowsApps\PythonSoftwareFoundation.Python.3.9_3.9.3568.0_x64__qbz5n2kfra8p0\Lib\site-packages'
[Info  - 00:00:00](000000)  Looking in bundled stubs path 'c:\Users\josverl\.vscode\extensions\ms-python.vscode-pylance-2022.6.30\dist\bundled\stubs'
[Info  - 00:00:00](000000)  Attempting to resolve stub package using root path 'c:\Users\josverl\.vscode\extensions\ms-python.vscode-pylance-2022.6.30\dist\bundled\stubs'
[Info  - 00:00:00](000000)  Attempting to resolve using root path 'c:\Users\josverl\.vscode\extensions\ms-python.vscode-pylance-2022.6.30\dist\bundled\stubs'
[Info  - 00:00:00](000000)  Looking for typeshed stdlib path
[Info  - 00:00:00](000000)  Looking for typeshed stdlib path
[Info  - 00:00:00](000000)  Attempting to resolve using root path 'c:\Users\josverl\.vscode\extensions\ms-python.vscode-pylance-2022.6.30\dist\typeshed-fallback\stdlib'
[Info  - 00:00:00](000000)  Typeshed path not found
[Info  - 00:00:00](000000)  Looking for typeshed third-party path
[Info  - 00:00:00](000000)  Looking for typeshed stubs path
[Info  - 00:00:00](000000)  Typeshed path not found
(000000)[BG(2)] binding: c:\develop\MyPython\Scratch\stubs-esp8266-test\project_esp8266\validate_micropython.py (1ms)
(000000)[BG(2)] indexing: c:\develop\MyPython\Scratch\stubs-esp8266-test\project_esp8266\validate_micropython.py [found 9] (0ms)
(000000)Indexing Done: c:\develop\MyPython\Scratch\stubs-esp8266-test\project_esp8266\validate_micropython.py
(000000)[BG(1)] analyzing: c:\develop\MyPython\Scratch\stubs-esp8266-test\project_esp8266\validate_functions.py ...
(000000)[BG(1)]   parsing: c:\develop\MyPython\Scratch\stubs-esp8266-test\project_esp8266\validate_functions.py [fs read 0ms] (15ms)
(000000)[BG(2)] parsing: c:\develop\MyPython\Scratch\stubs-esp8266-test\project_esp8266\validate_neopixel.py [fs read 10ms] (10ms)
[Info  - 00:00:00](000000)Could not import 'esp' in file 'c:\develop\MyPython\Scratch\stubs-esp8266-test\project_esp8266\validate_neopixel.py'
[Info  - 00:00:00](000000)  Looking in stubPath 'c:\develop\MyPython\Scratch\stubs-esp8266-test\project_esp8266\typings'
[Info  - 00:00:00](000000)  Attempting to resolve stub package using root path 'c:\develop\MyPython\Scratch\stubs-esp8266-test\project_esp8266\typings'
[Info  - 00:00:00](000000)  Attempting to resolve using root path 'c:\develop\MyPython\Scratch\stubs-esp8266-test\project_esp8266\typings'
[Info  - 00:00:00](000000)  Looking in root directory of execution environment 'c:\develop\MyPython\Scratch\stubs-esp8266-test\project_esp8266'
[Info  - 00:00:00](000000)  Attempting to resolve stub package using root path 'c:\develop\MyPython\Scratch\stubs-esp8266-test\project_esp8266'
[Info  - 00:00:00](000000)  Attempting to resolve using root path 'c:\develop\MyPython\Scratch\stubs-esp8266-test\project_esp8266'
[Info  - 00:00:00](000000)  Looking in python search path 'c:\Program Files\WindowsApps\PythonSoftwareFoundation.Python.3.9_3.9.3568.0_x64__qbz5n2kfra8p0\DLLs'
[Info  - 00:00:00](000000)  Attempting to resolve stub package using root path 'c:\Program Files\WindowsApps\PythonSoftwareFoundation.Python.3.9_3.9.3568.0_x64__qbz5n2kfra8p0\DLLs'
[Info  - 00:00:00](000000)  Attempting to resolve using root path 'c:\Program Files\WindowsApps\PythonSoftwareFoundation.Python.3.9_3.9.3568.0_x64__qbz5n2kfra8p0\DLLs'
[Info  - 00:00:00](000000)  Looking in python search path 'c:\Program Files\WindowsApps\PythonSoftwareFoundation.Python.3.9_3.9.3568.0_x64__qbz5n2kfra8p0\Lib'
[Info  - 00:00:00](000000)  Attempting to resolve stub package using root path 'c:\Program Files\WindowsApps\PythonSoftwareFoundation.Python.3.9_3.9.3568.0_x64__qbz5n2kfra8p0\Lib'
[Info  - 00:00:00](000000)  Attempting to resolve using root path 'c:\Program Files\WindowsApps\PythonSoftwareFoundation.Python.3.9_3.9.3568.0_x64__qbz5n2kfra8p0\Lib'
[Info  - 00:00:00](000000)  Looking in python search path 'c:\Users\josverl\AppData\Local\Microsoft\WindowsApps\PythonSoftwareFoundation.Python.3.9_qbz5n2kfra8p0'
[Info  - 00:00:00](000000)  Attempting to resolve stub package using root path 'c:\Users\josverl\AppData\Local\Microsoft\WindowsApps\PythonSoftwareFoundation.Python.3.9_qbz5n2kfra8p0'
[Info  - 00:00:00](000000)  Attempting to resolve using root path 'c:\Users\josverl\AppData\Local\Microsoft\WindowsApps\PythonSoftwareFoundation.Python.3.9_qbz5n2kfra8p0'
[Info  - 00:00:00](000000)  Looking in python search path 'c:\Users\josverl\AppData\Local\Packages\PythonSoftwareFoundation.Python.3.9_qbz5n2kfra8p0\LocalCache\local-packages\Python39\site-packages'
[Info  - 00:00:00](000000)  Attempting to resolve stub package using root path 'c:\Users\josverl\AppData\Local\Packages\PythonSoftwareFoundation.Python.3.9_qbz5n2kfra8p0\LocalCache\local-packages\Python39\site-packages'
[Info  - 00:00:00](000000)  Attempting to resolve using root path 'c:\Users\josverl\AppData\Local\Packages\PythonSoftwareFoundation.Python.3.9_qbz5n2kfra8p0\LocalCache\local-packages\Python39\site-packages'
[Info  - 00:00:00](000000)  Looking in python search path 'c:\Program Files\WindowsApps\PythonSoftwareFoundation.Python.3.9_3.9.3568.0_x64__qbz5n2kfra8p0'
[Info  - 00:00:00](000000)  Attempting to resolve stub package using root path 'c:\Program Files\WindowsApps\PythonSoftwareFoundation.Python.3.9_3.9.3568.0_x64__qbz5n2kfra8p0'
[Info  - 00:00:00](000000)  Attempting to resolve using root path 'c:\Program Files\WindowsApps\PythonSoftwareFoundation.Python.3.9_3.9.3568.0_x64__qbz5n2kfra8p0'
[Info  - 00:00:00](000000)  Looking in python search path 'c:\Program Files\WindowsApps\PythonSoftwareFoundation.Python.3.9_3.9.3568.0_x64__qbz5n2kfra8p0\Lib\site-packages'
[Info  - 00:00:00](000000)  Attempting to resolve stub package using root path 'c:\Program Files\WindowsApps\PythonSoftwareFoundation.Python.3.9_3.9.3568.0_x64__qbz5n2kfra8p0\Lib\site-packages'
[Info  - 00:00:00](000000)  Attempting to resolve using root path 'c:\Program Files\WindowsApps\PythonSoftwareFoundation.Python.3.9_3.9.3568.0_x64__qbz5n2kfra8p0\Lib\site-packages'
[Info  - 00:00:00](000000)  Looking in bundled stubs path 'c:\Users\josverl\.vscode\extensions\ms-python.vscode-pylance-2022.6.30\dist\bundled\stubs'
[Info  - 00:00:00](000000)  Attempting to resolve stub package using root path 'c:\Users\josverl\.vscode\extensions\ms-python.vscode-pylance-2022.6.30\dist\bundled\stubs'
[Info  - 00:00:00](000000)  Attempting to resolve using root path 'c:\Users\josverl\.vscode\extensions\ms-python.vscode-pylance-2022.6.30\dist\bundled\stubs'
[Info  - 00:00:00](000000)  Looking for typeshed stdlib path
[Info  - 00:00:00](000000)  Looking for typeshed stdlib path
[Info  - 00:00:00](000000)  Attempting to resolve using root path 'c:\Users\josverl\.vscode\extensions\ms-python.vscode-pylance-2022.6.30\dist\typeshed-fallback\stdlib'
[Info  - 00:00:00](000000)  Typeshed path not found
[Info  - 00:00:00](000000)  Looking for typeshed third-party path
[Info  - 00:00:00](000000)  Looking for typeshed stubs path
[Info  - 00:00:00](000000)  Typeshed path not found
[Info  - 00:00:00](000000)Could not import 'machine' in file 'c:\develop\MyPython\Scratch\stubs-esp8266-test\project_esp8266\validate_neopixel.py'
[Info  - 00:00:00](000000)  Looking in stubPath 'c:\develop\MyPython\Scratch\stubs-esp8266-test\project_esp8266\typings'
[Info  - 00:00:00](000000)  Attempting to resolve stub package using root path 'c:\develop\MyPython\Scratch\stubs-esp8266-test\project_esp8266\typings'
[Info  - 00:00:00](000000)  Attempting to resolve using root path 'c:\develop\MyPython\Scratch\stubs-esp8266-test\project_esp8266\typings'
[Info  - 00:00:00](000000)  Looking in root directory of execution environment 'c:\develop\MyPython\Scratch\stubs-esp8266-test\project_esp8266'
[Info  - 00:00:00](000000)  Attempting to resolve stub package using root path 'c:\develop\MyPython\Scratch\stubs-esp8266-test\project_esp8266'
[Info  - 00:00:00](000000)  Attempting to resolve using root path 'c:\develop\MyPython\Scratch\stubs-esp8266-test\project_esp8266'
[Info  - 00:00:00](000000)  Looking in python search path 'c:\Program Files\WindowsApps\PythonSoftwareFoundation.Python.3.9_3.9.3568.0_x64__qbz5n2kfra8p0\DLLs'
[Info  - 00:00:00](000000)  Attempting to resolve stub package using root path 'c:\Program Files\WindowsApps\PythonSoftwareFoundation.Python.3.9_3.9.3568.0_x64__qbz5n2kfra8p0\DLLs'
[Info  - 00:00:00](000000)  Attempting to resolve using root path 'c:\Program Files\WindowsApps\PythonSoftwareFoundation.Python.3.9_3.9.3568.0_x64__qbz5n2kfra8p0\DLLs'
[Info  - 00:00:00](000000)  Looking in python search path 'c:\Program Files\WindowsApps\PythonSoftwareFoundation.Python.3.9_3.9.3568.0_x64__qbz5n2kfra8p0\Lib'
[Info  - 00:00:00](000000)  Attempting to resolve stub package using root path 'c:\Program Files\WindowsApps\PythonSoftwareFoundation.Python.3.9_3.9.3568.0_x64__qbz5n2kfra8p0\Lib'
[Info  - 00:00:00](000000)  Attempting to resolve using root path 'c:\Program Files\WindowsApps\PythonSoftwareFoundation.Python.3.9_3.9.3568.0_x64__qbz5n2kfra8p0\Lib'
[Info  - 00:00:00](000000)  Looking in python search path 'c:\Users\josverl\AppData\Local\Microsoft\WindowsApps\PythonSoftwareFoundation.Python.3.9_qbz5n2kfra8p0'
[Info  - 00:00:00](000000)  Attempting to resolve stub package using root path 'c:\Users\josverl\AppData\Local\Microsoft\WindowsApps\PythonSoftwareFoundation.Python.3.9_qbz5n2kfra8p0'
[Info  - 00:00:00](000000)  Attempting to resolve using root path 'c:\Users\josverl\AppData\Local\Microsoft\WindowsApps\PythonSoftwareFoundation.Python.3.9_qbz5n2kfra8p0'
[Info  - 00:00:00](000000)  Looking in python search path 'c:\Users\josverl\AppData\Local\Packages\PythonSoftwareFoundation.Python.3.9_qbz5n2kfra8p0\LocalCache\local-packages\Python39\site-packages'
[Info  - 00:00:00](000000)  Attempting to resolve stub package using root path 'c:\Users\josverl\AppData\Local\Packages\PythonSoftwareFoundation.Python.3.9_qbz5n2kfra8p0\LocalCache\local-packages\Python39\site-packages'
[Info  - 00:00:00](000000)  Attempting to resolve using root path 'c:\Users\josverl\AppData\Local\Packages\PythonSoftwareFoundation.Python.3.9_qbz5n2kfra8p0\LocalCache\local-packages\Python39\site-packages'
[Info  - 00:00:00](000000)  Looking in python search path 'c:\Program Files\WindowsApps\PythonSoftwareFoundation.Python.3.9_3.9.3568.0_x64__qbz5n2kfra8p0'
[Info  - 00:00:00](000000)  Attempting to resolve stub package using root path 'c:\Program Files\WindowsApps\PythonSoftwareFoundation.Python.3.9_3.9.3568.0_x64__qbz5n2kfra8p0'
[Info  - 00:00:00](000000)  Attempting to resolve using root path 'c:\Program Files\WindowsApps\PythonSoftwareFoundation.Python.3.9_3.9.3568.0_x64__qbz5n2kfra8p0'
[Info  - 00:00:00](000000)  Looking in python search path 'c:\Program Files\WindowsApps\PythonSoftwareFoundation.Python.3.9_3.9.3568.0_x64__qbz5n2kfra8p0\Lib\site-packages'
[Info  - 00:00:00](000000)  Attempting to resolve stub package using root path 'c:\Program Files\WindowsApps\PythonSoftwareFoundation.Python.3.9_3.9.3568.0_x64__qbz5n2kfra8p0\Lib\site-packages'
[Info  - 00:00:00](000000)  Attempting to resolve using root path 'c:\Program Files\WindowsApps\PythonSoftwareFoundation.Python.3.9_3.9.3568.0_x64__qbz5n2kfra8p0\Lib\site-packages'
[Info  - 00:00:00](000000)  Looking in bundled stubs path 'c:\Users\josverl\.vscode\extensions\ms-python.vscode-pylance-2022.6.30\dist\bundled\stubs'
[Info  - 00:00:00](000000)  Attempting to resolve stub package using root path 'c:\Users\josverl\.vscode\extensions\ms-python.vscode-pylance-2022.6.30\dist\bundled\stubs'
[Info  - 00:00:00](000000)  Attempting to resolve using root path 'c:\Users\josverl\.vscode\extensions\ms-python.vscode-pylance-2022.6.30\dist\bundled\stubs'
[Info  - 00:00:00](000000)  Looking for typeshed stdlib path
[Info  - 00:00:00](000000)  Looking for typeshed stdlib path
[Info  - 00:00:00](000000)  Attempting to resolve using root path 'c:\Users\josverl\.vscode\extensions\ms-python.vscode-pylance-2022.6.30\dist\typeshed-fallback\stdlib'
[Info  - 00:00:00](000000)  Typeshed path not found
[Info  - 00:00:00](000000)  Looking for typeshed third-party path
[Info  - 00:00:00](000000)  Looking for typeshed stubs path
[Info  - 00:00:00](000000)  Typeshed path not found
(000000)[BG(2)] binding: c:\develop\MyPython\Scratch\stubs-esp8266-test\project_esp8266\validate_neopixel.py (1ms)
(000000)[BG(2)] indexing: c:\develop\MyPython\Scratch\stubs-esp8266-test\project_esp8266\validate_neopixel.py [found 3] (0ms)
(000000)Indexing Done: c:\develop\MyPython\Scratch\stubs-esp8266-test\project_esp8266\validate_neopixel.py
(000000)[BG(2)] parsing: c:\develop\MyPython\Scratch\stubs-esp8266-test\project_esp8266\validate_network.py [fs read 12ms] (18ms)
[Info  - 00:00:00](000000)Could not import 'network' in file 'c:\develop\MyPython\Scratch\stubs-esp8266-test\project_esp8266\validate_network.py'
[Info  - 00:00:00](000000)  Looking in stubPath 'c:\develop\MyPython\Scratch\stubs-esp8266-test\project_esp8266\typings'
[Info  - 00:00:00](000000)  Attempting to resolve stub package using root path 'c:\develop\MyPython\Scratch\stubs-esp8266-test\project_esp8266\typings'
[Info  - 00:00:00](000000)  Attempting to resolve using root path 'c:\develop\MyPython\Scratch\stubs-esp8266-test\project_esp8266\typings'
[Info  - 00:00:00](000000)  Looking in root directory of execution environment 'c:\develop\MyPython\Scratch\stubs-esp8266-test\project_esp8266'
[Info  - 00:00:00](000000)  Attempting to resolve stub package using root path 'c:\develop\MyPython\Scratch\stubs-esp8266-test\project_esp8266'
[Info  - 00:00:00](000000)  Attempting to resolve using root path 'c:\develop\MyPython\Scratch\stubs-esp8266-test\project_esp8266'
[Info  - 00:00:00](000000)  Looking in python search path 'c:\Program Files\WindowsApps\PythonSoftwareFoundation.Python.3.9_3.9.3568.0_x64__qbz5n2kfra8p0\DLLs'
[Info  - 00:00:00](000000)  Attempting to resolve stub package using root path 'c:\Program Files\WindowsApps\PythonSoftwareFoundation.Python.3.9_3.9.3568.0_x64__qbz5n2kfra8p0\DLLs'
[Info  - 00:00:00](000000)  Attempting to resolve using root path 'c:\Program Files\WindowsApps\PythonSoftwareFoundation.Python.3.9_3.9.3568.0_x64__qbz5n2kfra8p0\DLLs'
[Info  - 00:00:00](000000)  Looking in python search path 'c:\Program Files\WindowsApps\PythonSoftwareFoundation.Python.3.9_3.9.3568.0_x64__qbz5n2kfra8p0\Lib'
[Info  - 00:00:00](000000)  Attempting to resolve stub package using root path 'c:\Program Files\WindowsApps\PythonSoftwareFoundation.Python.3.9_3.9.3568.0_x64__qbz5n2kfra8p0\Lib'
[Info  - 00:00:00](000000)  Attempting to resolve using root path 'c:\Program Files\WindowsApps\PythonSoftwareFoundation.Python.3.9_3.9.3568.0_x64__qbz5n2kfra8p0\Lib'
[Info  - 00:00:00](000000)  Looking in python search path 'c:\Users\josverl\AppData\Local\Microsoft\WindowsApps\PythonSoftwareFoundation.Python.3.9_qbz5n2kfra8p0'
[Info  - 00:00:00](000000)  Attempting to resolve stub package using root path 'c:\Users\josverl\AppData\Local\Microsoft\WindowsApps\PythonSoftwareFoundation.Python.3.9_qbz5n2kfra8p0'
[Info  - 00:00:00](000000)  Attempting to resolve using root path 'c:\Users\josverl\AppData\Local\Microsoft\WindowsApps\PythonSoftwareFoundation.Python.3.9_qbz5n2kfra8p0'
[Info  - 00:00:00](000000)  Looking in python search path 'c:\Users\josverl\AppData\Local\Packages\PythonSoftwareFoundation.Python.3.9_qbz5n2kfra8p0\LocalCache\local-packages\Python39\site-packages'
[Info  - 00:00:00](000000)  Attempting to resolve stub package using root path 'c:\Users\josverl\AppData\Local\Packages\PythonSoftwareFoundation.Python.3.9_qbz5n2kfra8p0\LocalCache\local-packages\Python39\site-packages'
[Info  - 00:00:00](000000)  Attempting to resolve using root path 'c:\Users\josverl\AppData\Local\Packages\PythonSoftwareFoundation.Python.3.9_qbz5n2kfra8p0\LocalCache\local-packages\Python39\site-packages'
[Info  - 00:00:00](000000)  Looking in python search path 'c:\Program Files\WindowsApps\PythonSoftwareFoundation.Python.3.9_3.9.3568.0_x64__qbz5n2kfra8p0'
[Info  - 00:00:00](000000)  Attempting to resolve stub package using root path 'c:\Program Files\WindowsApps\PythonSoftwareFoundation.Python.3.9_3.9.3568.0_x64__qbz5n2kfra8p0'
[Info  - 00:00:00](000000)  Attempting to resolve using root path 'c:\Program Files\WindowsApps\PythonSoftwareFoundation.Python.3.9_3.9.3568.0_x64__qbz5n2kfra8p0'
[Info  - 00:00:00](000000)  Looking in python search path 'c:\Program Files\WindowsApps\PythonSoftwareFoundation.Python.3.9_3.9.3568.0_x64__qbz5n2kfra8p0\Lib\site-packages'
[Info  - 00:00:00](000000)  Attempting to resolve stub package using root path 'c:\Program Files\WindowsApps\PythonSoftwareFoundation.Python.3.9_3.9.3568.0_x64__qbz5n2kfra8p0\Lib\site-packages'
[Info  - 00:00:00](000000)  Attempting to resolve using root path 'c:\Program Files\WindowsApps\PythonSoftwareFoundation.Python.3.9_3.9.3568.0_x64__qbz5n2kfra8p0\Lib\site-packages'
[Info  - 00:00:00](000000)  Looking in bundled stubs path 'c:\Users\josverl\.vscode\extensions\ms-python.vscode-pylance-2022.6.30\dist\bundled\stubs'
[Info  - 00:00:00](000000)  Attempting to resolve stub package using root path 'c:\Users\josverl\.vscode\extensions\ms-python.vscode-pylance-2022.6.30\dist\bundled\stubs'
[Info  - 00:00:00](000000)  Attempting to resolve using root path 'c:\Users\josverl\.vscode\extensions\ms-python.vscode-pylance-2022.6.30\dist\bundled\stubs'
[Info  - 00:00:00](000000)  Looking for typeshed stdlib path
[Info  - 00:00:00](000000)  Looking for typeshed stdlib path
[Info  - 00:00:00](000000)  Attempting to resolve using root path 'c:\Users\josverl\.vscode\extensions\ms-python.vscode-pylance-2022.6.30\dist\typeshed-fallback\stdlib'
[Info  - 00:00:00](000000)  Typeshed path not found
[Info  - 00:00:00](000000)  Looking for typeshed third-party path
[Info  - 00:00:00](000000)  Looking for typeshed stubs path
[Info  - 00:00:00](000000)  Typeshed path not found
[Info  - 00:00:00](000000)Could not import 'network' in file 'c:\develop\MyPython\Scratch\stubs-esp8266-test\project_esp8266\validate_network.py'
[Info  - 00:00:00](000000)  Looking in stubPath 'c:\develop\MyPython\Scratch\stubs-esp8266-test\project_esp8266\typings'
[Info  - 00:00:00](000000)  Attempting to resolve stub package using root path 'c:\develop\MyPython\Scratch\stubs-esp8266-test\project_esp8266\typings'
[Info  - 00:00:00](000000)  Attempting to resolve using root path 'c:\develop\MyPython\Scratch\stubs-esp8266-test\project_esp8266\typings'
[Info  - 00:00:00](000000)  Looking in root directory of execution environment 'c:\develop\MyPython\Scratch\stubs-esp8266-test\project_esp8266'
[Info  - 00:00:00](000000)  Attempting to resolve stub package using root path 'c:\develop\MyPython\Scratch\stubs-esp8266-test\project_esp8266'
[Info  - 00:00:00](000000)  Attempting to resolve using root path 'c:\develop\MyPython\Scratch\stubs-esp8266-test\project_esp8266'
[Info  - 00:00:00](000000)  Looking in python search path 'c:\Program Files\WindowsApps\PythonSoftwareFoundation.Python.3.9_3.9.3568.0_x64__qbz5n2kfra8p0\DLLs'
[Info  - 00:00:00](000000)  Attempting to resolve stub package using root path 'c:\Program Files\WindowsApps\PythonSoftwareFoundation.Python.3.9_3.9.3568.0_x64__qbz5n2kfra8p0\DLLs'
[Info  - 00:00:00](000000)  Attempting to resolve using root path 'c:\Program Files\WindowsApps\PythonSoftwareFoundation.Python.3.9_3.9.3568.0_x64__qbz5n2kfra8p0\DLLs'
[Info  - 00:00:00](000000)  Looking in python search path 'c:\Program Files\WindowsApps\PythonSoftwareFoundation.Python.3.9_3.9.3568.0_x64__qbz5n2kfra8p0\Lib'
[Info  - 00:00:00](000000)  Attempting to resolve stub package using root path 'c:\Program Files\WindowsApps\PythonSoftwareFoundation.Python.3.9_3.9.3568.0_x64__qbz5n2kfra8p0\Lib'
[Info  - 00:00:00](000000)  Attempting to resolve using root path 'c:\Program Files\WindowsApps\PythonSoftwareFoundation.Python.3.9_3.9.3568.0_x64__qbz5n2kfra8p0\Lib'
[Info  - 00:00:00](000000)  Looking in python search path 'c:\Users\josverl\AppData\Local\Microsoft\WindowsApps\PythonSoftwareFoundation.Python.3.9_qbz5n2kfra8p0'
[Info  - 00:00:00](000000)  Attempting to resolve stub package using root path 'c:\Users\josverl\AppData\Local\Microsoft\WindowsApps\PythonSoftwareFoundation.Python.3.9_qbz5n2kfra8p0'
[Info  - 00:00:00](000000)  Attempting to resolve using root path 'c:\Users\josverl\AppData\Local\Microsoft\WindowsApps\PythonSoftwareFoundation.Python.3.9_qbz5n2kfra8p0'
[Info  - 00:00:00](000000)  Looking in python search path 'c:\Users\josverl\AppData\Local\Packages\PythonSoftwareFoundation.Python.3.9_qbz5n2kfra8p0\LocalCache\local-packages\Python39\site-packages'
[Info  - 00:00:00](000000)  Attempting to resolve stub package using root path 'c:\Users\josverl\AppData\Local\Packages\PythonSoftwareFoundation.Python.3.9_qbz5n2kfra8p0\LocalCache\local-packages\Python39\site-packages'
[Info  - 00:00:00](000000)  Attempting to resolve using root path 'c:\Users\josverl\AppData\Local\Packages\PythonSoftwareFoundation.Python.3.9_qbz5n2kfra8p0\LocalCache\local-packages\Python39\site-packages'
[Info  - 00:00:00](000000)  Looking in python search path 'c:\Program Files\WindowsApps\PythonSoftwareFoundation.Python.3.9_3.9.3568.0_x64__qbz5n2kfra8p0'
[Info  - 00:00:00](000000)  Attempting to resolve stub package using root path 'c:\Program Files\WindowsApps\PythonSoftwareFoundation.Python.3.9_3.9.3568.0_x64__qbz5n2kfra8p0'
[Info  - 00:00:00](000000)  Attempting to resolve using root path 'c:\Program Files\WindowsApps\PythonSoftwareFoundation.Python.3.9_3.9.3568.0_x64__qbz5n2kfra8p0'
[Info  - 00:00:00](000000)  Looking in python search path 'c:\Program Files\WindowsApps\PythonSoftwareFoundation.Python.3.9_3.9.3568.0_x64__qbz5n2kfra8p0\Lib\site-packages'
[Info  - 00:00:00](000000)  Attempting to resolve stub package using root path 'c:\Program Files\WindowsApps\PythonSoftwareFoundation.Python.3.9_3.9.3568.0_x64__qbz5n2kfra8p0\Lib\site-packages'
[Info  - 00:00:00](000000)  Attempting to resolve using root path 'c:\Program Files\WindowsApps\PythonSoftwareFoundation.Python.3.9_3.9.3568.0_x64__qbz5n2kfra8p0\Lib\site-packages'
[Info  - 00:00:00](000000)  Looking in bundled stubs path 'c:\Users\josverl\.vscode\extensions\ms-python.vscode-pylance-2022.6.30\dist\bundled\stubs'
[Info  - 00:00:00](000000)  Attempting to resolve stub package using root path 'c:\Users\josverl\.vscode\extensions\ms-python.vscode-pylance-2022.6.30\dist\bundled\stubs'
[Info  - 00:00:00](000000)  Attempting to resolve using root path 'c:\Users\josverl\.vscode\extensions\ms-python.vscode-pylance-2022.6.30\dist\bundled\stubs'
[Info  - 00:00:00](000000)  Looking for typeshed stdlib path
[Info  - 00:00:00](000000)  Looking for typeshed stdlib path
[Info  - 00:00:00](000000)  Attempting to resolve using root path 'c:\Users\josverl\.vscode\extensions\ms-python.vscode-pylance-2022.6.30\dist\typeshed-fallback\stdlib'
[Info  - 00:00:00](000000)  Typeshed path not found
[Info  - 00:00:00](000000)  Looking for typeshed third-party path
[Info  - 00:00:00](000000)  Looking for typeshed stubs path
[Info  - 00:00:00](000000)  Typeshed path not found
(000000)[BG(2)] binding: c:\develop\MyPython\Scratch\stubs-esp8266-test\project_esp8266\validate_network.py (1ms)
(000000)[BG(2)] indexing: c:\develop\MyPython\Scratch\stubs-esp8266-test\project_esp8266\validate_network.py [found 3] (1ms)
(000000)Indexing Done: c:\develop\MyPython\Scratch\stubs-esp8266-test\project_esp8266\validate_network.py
(000000)[BG(1)]   binding: c:\develop\MyPython\Scratch\stubs-esp8266-test\project_esp8266\validate_functions.py ...
(000000)[BG(1)]     parsing: c:\Users\josverl\.vscode\extensions\ms-python.vscode-pylance-2022.6.30\dist\typeshed-fallback\stdlib\socket.pyi [fs read 0ms] (29ms)
(000000)[BG(1)]     binding: c:\Users\josverl\.vscode\extensions\ms-python.vscode-pylance-2022.6.30\dist\typeshed-fallback\stdlib\socket.pyi (3ms)
(000000)[BG(1)]   binding: c:\develop\MyPython\Scratch\stubs-esp8266-test\project_esp8266\validate_functions.py (34ms)
(000000)[BG(2)] parsing: c:\develop\MyPython\Scratch\stubs-esp8266-test\project_esp8266\validate_os.py [fs read 8ms] (15ms)
(000000)[BG(2)] binding: c:\develop\MyPython\Scratch\stubs-esp8266-test\project_esp8266\validate_os.py (1ms)
(000000)[BG(2)] indexing: c:\develop\MyPython\Scratch\stubs-esp8266-test\project_esp8266\validate_os.py [found 1] (0ms)
(000000)Indexing Done: c:\develop\MyPython\Scratch\stubs-esp8266-test\project_esp8266\validate_os.py
(000000)[BG(1)]   checking: c:\develop\MyPython\Scratch\stubs-esp8266-test\project_esp8266\validate_functions.py ...
(000000)[BG(1)]     parsing: c:\Users\josverl\.vscode\extensions\ms-python.vscode-pylance-2022.6.30\dist\typeshed-fallback\stdlib\_socket.pyi [fs read 8ms] (19ms)
(000000)[BG(1)]     binding: c:\Users\josverl\.vscode\extensions\ms-python.vscode-pylance-2022.6.30\dist\typeshed-fallback\stdlib\_socket.pyi (5ms)
(000000)[BG(2)] parsing: c:\develop\MyPython\Scratch\stubs-esp8266-test\project_esp8266\validate_re.py [fs read 10ms] (22ms)
(000000)[BG(2)] binding: c:\develop\MyPython\Scratch\stubs-esp8266-test\project_esp8266\validate_re.py (0ms)
(000000)[BG(2)] indexing: c:\develop\MyPython\Scratch\stubs-esp8266-test\project_esp8266\validate_re.py [found 5] (0ms)
(000000)Indexing Done: c:\develop\MyPython\Scratch\stubs-esp8266-test\project_esp8266\validate_re.py
(000000)[BG(1)]     parsing: c:\Users\josverl\.vscode\extensions\ms-python.vscode-pylance-2022.6.30\dist\typeshed-fallback\stdlib\enum.pyi [fs read 0ms] (5ms)
(000000)[BG(1)]     binding: c:\Users\josverl\.vscode\extensions\ms-python.vscode-pylance-2022.6.30\dist\typeshed-fallback\stdlib\enum.pyi (2ms)
(000000)[BG(2)] parsing: c:\develop\MyPython\Scratch\stubs-esp8266-test\project_esp8266\validate_sys.py [fs read 11ms] (12ms)
(000000)[BG(2)] binding: c:\develop\MyPython\Scratch\stubs-esp8266-test\project_esp8266\validate_sys.py (3ms)
(000000)[BG(2)] indexing: c:\develop\MyPython\Scratch\stubs-esp8266-test\project_esp8266\validate_sys.py [found 4] (0ms)
(000000)Indexing Done: c:\develop\MyPython\Scratch\stubs-esp8266-test\project_esp8266\validate_sys.py
(000000)[BG(2)] parsing: c:\develop\MyPython\Scratch\stubs-esp8266-test\project_esp8266\validate_time.py [fs read 9ms] (16ms)
(000000)[BG(1)]     parsing: c:\Users\josverl\.vscode\extensions\ms-python.vscode-pylance-2022.6.30\dist\typeshed-fallback\stdlib\select.pyi [fs read 13ms] (16ms)
(000000)[BG(2)] binding: c:\develop\MyPython\Scratch\stubs-esp8266-test\project_esp8266\validate_time.py (0ms)
(000000)[BG(1)]     binding: c:\Users\josverl\.vscode\extensions\ms-python.vscode-pylance-2022.6.30\dist\typeshed-fallback\stdlib\select.pyi (1ms)
(000000)[BG(2)] indexing: c:\develop\MyPython\Scratch\stubs-esp8266-test\project_esp8266\validate_time.py [found 2] (1ms)
(000000)Indexing Done: c:\develop\MyPython\Scratch\stubs-esp8266-test\project_esp8266\validate_time.py
(000000)[BG(1)]   checking: c:\develop\MyPython\Scratch\stubs-esp8266-test\project_esp8266\validate_functions.py (69ms)
(000000)[BG(1)] analyzing: c:\develop\MyPython\Scratch\stubs-esp8266-test\project_esp8266\validate_functions.py (118ms)
(000000)[BG(1)] analyzing: c:\develop\MyPython\Scratch\stubs-esp8266-test\project_esp8266\validate_gc.py ...
(000000)[BG(1)]   parsing: c:\develop\MyPython\Scratch\stubs-esp8266-test\project_esp8266\validate_gc.py [fs read 0ms] (11ms)
(000000)[BG(1)]   binding: c:\develop\MyPython\Scratch\stubs-esp8266-test\project_esp8266\validate_gc.py (0ms)
(000000)[BG(1)]   checking: c:\develop\MyPython\Scratch\stubs-esp8266-test\project_esp8266\validate_gc.py ...
(000000)[BG(1)]     parsing: c:\Users\josverl\.vscode\extensions\ms-python.vscode-pylance-2022.6.30\dist\typeshed-fallback\stdlib\gc.pyi [fs read 7ms] (8ms)
(000000)[BG(1)]     binding: c:\Users\josverl\.vscode\extensions\ms-python.vscode-pylance-2022.6.30\dist\typeshed-fallback\stdlib\gc.pyi (1ms)
(000000)[BG(1)]   checking: c:\develop\MyPython\Scratch\stubs-esp8266-test\project_esp8266\validate_gc.py (14ms)
(000000)[BG(1)] analyzing: c:\develop\MyPython\Scratch\stubs-esp8266-test\project_esp8266\validate_gc.py (25ms)
(000000)[BG(1)] analyzing: c:\develop\MyPython\Scratch\stubs-esp8266-test\project_esp8266\validate_io.py ...
(000000)[BG(1)]   parsing: c:\develop\MyPython\Scratch\stubs-esp8266-test\project_esp8266\validate_io.py [fs read 0ms] (1ms)
(000000)[BG(1)]   binding: c:\develop\MyPython\Scratch\stubs-esp8266-test\project_esp8266\validate_io.py (0ms)
(000000)[BG(1)]   checking: c:\develop\MyPython\Scratch\stubs-esp8266-test\project_esp8266\validate_io.py ...
(000000)[BG(1)]     parsing: c:\Users\josverl\.vscode\extensions\ms-python.vscode-pylance-2022.6.30\dist\typeshed-fallback\stdlib\io.pyi [fs read 7ms] (22ms)
(000000)[BG(1)]     binding: c:\Users\josverl\.vscode\extensions\ms-python.vscode-pylance-2022.6.30\dist\typeshed-fallback\stdlib\io.pyi (4ms)
(000000)[BG(1)]   checking: c:\develop\MyPython\Scratch\stubs-esp8266-test\project_esp8266\validate_io.py (34ms)
(000000)[BG(1)] analyzing: c:\develop\MyPython\Scratch\stubs-esp8266-test\project_esp8266\validate_io.py (35ms)
(000000)[BG(1)] analyzing: c:\develop\MyPython\Scratch\stubs-esp8266-test\project_esp8266\validate_machine.py ...
(000000)[BG(1)]   parsing: c:\develop\MyPython\Scratch\stubs-esp8266-test\project_esp8266\validate_machine.py [fs read 1ms] (1ms)
(000000)[BG(1)]   binding: c:\develop\MyPython\Scratch\stubs-esp8266-test\project_esp8266\validate_machine.py (0ms)
(000000)[BG(1)]   checking: c:\develop\MyPython\Scratch\stubs-esp8266-test\project_esp8266\validate_machine.py (1ms)
(000000)[BG(1)] analyzing: c:\develop\MyPython\Scratch\stubs-esp8266-test\project_esp8266\validate_machine.py (2ms)
(000000)[BG(1)] analyzing: c:\develop\MyPython\Scratch\stubs-esp8266-test\project_esp8266\validate_micropython.py ...
(000000)[BG(1)]   parsing: c:\develop\MyPython\Scratch\stubs-esp8266-test\project_esp8266\validate_micropython.py [fs read 1ms] (3ms)
(000000)[BG(1)]   binding: c:\develop\MyPython\Scratch\stubs-esp8266-test\project_esp8266\validate_micropython.py (1ms)
(000000)[BG(1)]   checking: c:\develop\MyPython\Scratch\stubs-esp8266-test\project_esp8266\validate_micropython.py (7ms)
(000000)[BG(1)] analyzing: c:\develop\MyPython\Scratch\stubs-esp8266-test\project_esp8266\validate_micropython.py (12ms)
(000000)[BG(1)] analyzing: c:\develop\MyPython\Scratch\stubs-esp8266-test\project_esp8266\validate_neopixel.py ...
(000000)[BG(1)]   parsing: c:\develop\MyPython\Scratch\stubs-esp8266-test\project_esp8266\validate_neopixel.py [fs read 0ms] (0ms)
(000000)[BG(1)]   binding: c:\develop\MyPython\Scratch\stubs-esp8266-test\project_esp8266\validate_neopixel.py (1ms)
(000000)[BG(1)]   checking: c:\develop\MyPython\Scratch\stubs-esp8266-test\project_esp8266\validate_neopixel.py (1ms)
(000000)[BG(1)] analyzing: c:\develop\MyPython\Scratch\stubs-esp8266-test\project_esp8266\validate_neopixel.py (2ms)
(000000)[BG(1)] analyzing: c:\develop\MyPython\Scratch\stubs-esp8266-test\project_esp8266\validate_network.py ...
(000000)[BG(1)]   parsing: c:\develop\MyPython\Scratch\stubs-esp8266-test\project_esp8266\validate_network.py [fs read 1ms] (6ms)
(000000)[BG(1)]   binding: c:\develop\MyPython\Scratch\stubs-esp8266-test\project_esp8266\validate_network.py (1ms)
(000000)[BG(1)]   checking: c:\develop\MyPython\Scratch\stubs-esp8266-test\project_esp8266\validate_network.py ...
(000000)[BG(1)]     parsing: c:\develop\MyPython\Scratch\stubs-esp8266-test\.venv\Lib\site-packages\network.pyi [fs read 6ms] (7ms)
(000000)[BG(1)]     binding: c:\develop\MyPython\Scratch\stubs-esp8266-test\.venv\Lib\site-packages\network.pyi (0ms)
(000000)[BG(1)]   checking: c:\develop\MyPython\Scratch\stubs-esp8266-test\project_esp8266\validate_network.py (13ms)
(000000)[BG(1)] analyzing: c:\develop\MyPython\Scratch\stubs-esp8266-test\project_esp8266\validate_network.py (20ms)
(000000)Background analysis message: resumeAnalysis
(000000)[BG(1)] analyzing: c:\develop\MyPython\Scratch\stubs-esp8266-test\project_esp8266\validate_os.py ...
(000000)[BG(1)]   parsing: c:\develop\MyPython\Scratch\stubs-esp8266-test\project_esp8266\validate_os.py [fs read 0ms] (1ms)
(000000)[BG(1)]   binding: c:\develop\MyPython\Scratch\stubs-esp8266-test\project_esp8266\validate_os.py (1ms)
(000000)[BG(1)]   checking: c:\develop\MyPython\Scratch\stubs-esp8266-test\project_esp8266\validate_os.py ...
(000000)[BG(1)]     parsing: c:\Users\josverl\.vscode\extensions\ms-python.vscode-pylance-2022.6.30\dist\typeshed-fallback\stdlib\os\__init__.pyi [fs read 13ms] (49ms)
(000000)[BG(1)]     binding: c:\Users\josverl\.vscode\extensions\ms-python.vscode-pylance-2022.6.30\dist\typeshed-fallback\stdlib\os\__init__.pyi (5ms)
(000000)[BG(1)]   checking: c:\develop\MyPython\Scratch\stubs-esp8266-test\project_esp8266\validate_os.py (58ms)
(000000)[BG(1)] analyzing: c:\develop\MyPython\Scratch\stubs-esp8266-test\project_esp8266\validate_os.py (60ms)
(000000)[BG(1)] analyzing: c:\develop\MyPython\Scratch\stubs-esp8266-test\project_esp8266\validate_re.py ...
(000000)[BG(1)]   parsing: c:\develop\MyPython\Scratch\stubs-esp8266-test\project_esp8266\validate_re.py [fs read 1ms] (6ms)
(000000)[BG(1)]   binding: c:\develop\MyPython\Scratch\stubs-esp8266-test\project_esp8266\validate_re.py (0ms)
(000000)[BG(1)]   checking: c:\develop\MyPython\Scratch\stubs-esp8266-test\project_esp8266\validate_re.py ...
(000000)[BG(1)]     parsing: c:\Users\josverl\.vscode\extensions\ms-python.vscode-pylance-2022.6.30\dist\typeshed-fallback\stdlib\re.pyi [fs read 10ms] (24ms)
(000000)[BG(1)]     binding: c:\Users\josverl\.vscode\extensions\ms-python.vscode-pylance-2022.6.30\dist\typeshed-fallback\stdlib\re.pyi (1ms)
(000000)[BG(1)]     parsing: c:\Users\josverl\.vscode\extensions\ms-python.vscode-pylance-2022.6.30\dist\typeshed-fallback\stdlib\array.pyi [fs read 8ms] (11ms)
(000000)[BG(1)]     binding: c:\Users\josverl\.vscode\extensions\ms-python.vscode-pylance-2022.6.30\dist\typeshed-fallback\stdlib\array.pyi (1ms)
(000000)[BG(1)]     parsing: c:\Users\josverl\.vscode\extensions\ms-python.vscode-pylance-2022.6.30\dist\typeshed-fallback\stdlib\mmap.pyi [fs read 8ms] (10ms)
(000000)[BG(1)]     binding: c:\Users\josverl\.vscode\extensions\ms-python.vscode-pylance-2022.6.30\dist\typeshed-fallback\stdlib\mmap.pyi (1ms)
(000000)[BG(1)]     parsing: c:\Users\josverl\.vscode\extensions\ms-python.vscode-pylance-2022.6.30\dist\typeshed-fallback\stdlib\ctypes\__init__.pyi [fs read 7ms] (14ms)
(000000)[BG(1)]     binding: c:\Users\josverl\.vscode\extensions\ms-python.vscode-pylance-2022.6.30\dist\typeshed-fallback\stdlib\ctypes\__init__.pyi (2ms)
(000000)[BG(1)]     parsing: c:\Users\josverl\.vscode\extensions\ms-python.vscode-pylance-2022.6.30\dist\typeshed-fallback\stdlib\pickle.pyi [fs read 8ms] (14ms)
(000000)[BG(1)]     binding: c:\Users\josverl\.vscode\extensions\ms-python.vscode-pylance-2022.6.30\dist\typeshed-fallback\stdlib\pickle.pyi (1ms)
(000000)[BG(1)]   checking: c:\develop\MyPython\Scratch\stubs-esp8266-test\project_esp8266\validate_re.py (103ms)
(000000)[BG(1)] analyzing: c:\develop\MyPython\Scratch\stubs-esp8266-test\project_esp8266\validate_re.py (109ms)
(000000)[BG(1)] analyzing: c:\develop\MyPython\Scratch\stubs-esp8266-test\project_esp8266\validate_sys.py ...
(000000)[BG(1)]   parsing: c:\develop\MyPython\Scratch\stubs-esp8266-test\project_esp8266\validate_sys.py [fs read 0ms] (1ms)
(000000)[BG(1)]   binding: c:\develop\MyPython\Scratch\stubs-esp8266-test\project_esp8266\validate_sys.py (1ms)
(000000)[BG(1)]   checking: c:\develop\MyPython\Scratch\stubs-esp8266-test\project_esp8266\validate_sys.py ...
(000000)[BG(1)]     parsing: c:\Users\josverl\.vscode\extensions\ms-python.vscode-pylance-2022.6.30\dist\typeshed-fallback\stdlib\sys.pyi [fs read 8ms] (21ms)
(000000)[BG(1)]     binding: c:\Users\josverl\.vscode\extensions\ms-python.vscode-pylance-2022.6.30\dist\typeshed-fallback\stdlib\sys.pyi (2ms)
(000000)[BG(1)]   checking: c:\develop\MyPython\Scratch\stubs-esp8266-test\project_esp8266\validate_sys.py (36ms)
(000000)[BG(1)] analyzing: c:\develop\MyPython\Scratch\stubs-esp8266-test\project_esp8266\validate_sys.py (38ms)
(000000)Background analysis message: resumeAnalysis
(000000)[BG(1)] analyzing: c:\develop\MyPython\Scratch\stubs-esp8266-test\project_esp8266\validate_time.py ...
(000000)[BG(1)]   parsing: c:\develop\MyPython\Scratch\stubs-esp8266-test\project_esp8266\validate_time.py [fs read 1ms] (5ms)
(000000)[BG(1)]   binding: c:\develop\MyPython\Scratch\stubs-esp8266-test\project_esp8266\validate_time.py (0ms)
(000000)[BG(1)]   checking: c:\develop\MyPython\Scratch\stubs-esp8266-test\project_esp8266\validate_time.py ...
(000000)[BG(1)]     parsing: c:\Users\josverl\.vscode\extensions\ms-python.vscode-pylance-2022.6.30\dist\typeshed-fallback\stdlib\time.pyi [fs read 8ms] (10ms)
(000000)[BG(1)]     binding: c:\Users\josverl\.vscode\extensions\ms-python.vscode-pylance-2022.6.30\dist\typeshed-fallback\stdlib\time.pyi (1ms)
(000000)[BG(1)]   checking: c:\develop\MyPython\Scratch\stubs-esp8266-test\project_esp8266\validate_time.py (12ms)
(000000)[BG(1)] analyzing: c:\develop\MyPython\Scratch\stubs-esp8266-test\project_esp8266\validate_time.py (17ms)
(000000)[BG(1)] indexing: c:\develop\MyPython\Scratch\stubs-esp8266-test\project_esp8266\boot.py [found 0] (0ms)
(000000)Indexing Done: c:\develop\MyPython\Scratch\stubs-esp8266-test\project_esp8266\boot.py
(000000)[BG(1)] indexing: c:\develop\MyPython\Scratch\stubs-esp8266-test\project_esp8266\main.py [found 0] (0ms)
(000000)Indexing Done: c:\develop\MyPython\Scratch\stubs-esp8266-test\project_esp8266\main.py
(000000)[BG(1)] indexing: c:\develop\MyPython\Scratch\stubs-esp8266-test\project_esp8266\validate_bare_const.py [found 1] (1ms)
(000000)Indexing Done: c:\develop\MyPython\Scratch\stubs-esp8266-test\project_esp8266\validate_bare_const.py
(000000)[BG(1)] indexing: c:\develop\MyPython\Scratch\stubs-esp8266-test\project_esp8266\validate_collections.py [found 6] (0ms)
(000000)Indexing Done: c:\develop\MyPython\Scratch\stubs-esp8266-test\project_esp8266\validate_collections.py
(000000)[BG(1)] indexing: c:\develop\MyPython\Scratch\stubs-esp8266-test\project_esp8266\validate_esp.py [found 3] (0ms)
(000000)Indexing Done: c:\develop\MyPython\Scratch\stubs-esp8266-test\project_esp8266\validate_esp.py
(000000)[BG(1)] indexing: c:\develop\MyPython\Scratch\stubs-esp8266-test\project_esp8266\validate_functions.py [found 1] (0ms)
(000000)Indexing Done: c:\develop\MyPython\Scratch\stubs-esp8266-test\project_esp8266\validate_functions.py
(000000)[BG(1)] indexing: c:\develop\MyPython\Scratch\stubs-esp8266-test\project_esp8266\validate_gc.py [found 2] (1ms)
(000000)Indexing Done: c:\develop\MyPython\Scratch\stubs-esp8266-test\project_esp8266\validate_gc.py
(000000)[BG(1)] indexing: c:\develop\MyPython\Scratch\stubs-esp8266-test\project_esp8266\validate_io.py [found 2] (0ms)
(000000)Indexing Done: c:\develop\MyPython\Scratch\stubs-esp8266-test\project_esp8266\validate_io.py
(000000)[BG(1)] indexing: c:\develop\MyPython\Scratch\stubs-esp8266-test\project_esp8266\validate_machine.py [found 1] (0ms)
(000000)Indexing Done: c:\develop\MyPython\Scratch\stubs-esp8266-test\project_esp8266\validate_machine.py
(000000)[BG(1)] indexing: c:\develop\MyPython\Scratch\stubs-esp8266-test\project_esp8266\validate_micropython.py [found 9] (1ms)
(000000)Indexing Done: c:\develop\MyPython\Scratch\stubs-esp8266-test\project_esp8266\validate_micropython.py
(000000)[BG(1)] indexing: c:\develop\MyPython\Scratch\stubs-esp8266-test\project_esp8266\validate_neopixel.py [found 3] (0ms)
(000000)Indexing Done: c:\develop\MyPython\Scratch\stubs-esp8266-test\project_esp8266\validate_neopixel.py
(000000)[BG(1)] indexing: c:\develop\MyPython\Scratch\stubs-esp8266-test\project_esp8266\validate_network.py [found 3] (0ms)
(000000)Indexing Done: c:\develop\MyPython\Scratch\stubs-esp8266-test\project_esp8266\validate_network.py
(000000)[BG(1)] indexing: c:\develop\MyPython\Scratch\stubs-esp8266-test\project_esp8266\validate_os.py [found 1] (0ms)
(000000)Indexing Done: c:\develop\MyPython\Scratch\stubs-esp8266-test\project_esp8266\validate_os.py
(000000)[BG(1)] indexing: c:\develop\MyPython\Scratch\stubs-esp8266-test\project_esp8266\validate_re.py [found 5] (0ms)
(000000)Indexing Done: c:\develop\MyPython\Scratch\stubs-esp8266-test\project_esp8266\validate_re.py
(000000)[BG(1)] indexing: c:\develop\MyPython\Scratch\stubs-esp8266-test\project_esp8266\validate_sys.py [found 4] (0ms)
(000000)Indexing Done: c:\develop\MyPython\Scratch\stubs-esp8266-test\project_esp8266\validate_sys.py
(000000)[BG(1)] indexing: c:\develop\MyPython\Scratch\stubs-esp8266-test\project_esp8266\validate_time.py [found 2] (0ms)
(000000)Indexing Done: c:\develop\MyPython\Scratch\stubs-esp8266-test\project_esp8266\validate_time.py
[Info  - 00:00:00](000000)SourceFile: Received fs event 'change' for path 'c:\develop\MyPython\Scratch\stubs-esp8266-test\.git\FETCH_HEAD'
[Info  - 00:00:00](000000)SourceFile: Received fs event 'change' for path 'c:\develop\MyPython\Scratch\stubs-esp8266-test\.git\objects'
